#
# There is insufficient memory for the Java Runtime Environment to continue.
# Native memory allocation (malloc) failed to allocate 581776 bytes for Chunk::new
# Possible reasons:
#   The system is out of physical RAM or swap space
#   The process is running with CompressedOops enabled, and the Java Heap may be blocking the growth of the native heap
# Possible solutions:
#   Reduce memory load on the system
#   Increase physical memory or swap space
#   Check if swap backing store is full
#   Decrease Java heap size (-Xmx/-Xms)
#   Decrease number of Java threads
#   Decrease Java thread stack sizes (-Xss)
#   Set larger code cache with -XX:ReservedCodeCacheSize=
#   JVM is running with Unscaled Compressed Oops mode in which the Java heap is
#     placed in the first 4GB address space. The Java Heap base address is the
#     maximum limit for the native heap growth. Please use -XX:HeapBaseMinAddress
#     to set the Java Heap base and to place the Java Heap above 4GB virtual address.
# This output file may be truncated or incomplete.
#
#  Out of Memory Error (allocation.cpp:389), pid=19392, tid=0x0000000000004fe8
#
# JRE version: OpenJDK Runtime Environment (8.0_242-b01) (build 1.8.0_242-release-1644-b01)
# Java VM: OpenJDK 64-Bit Server VM (25.242-b01 mixed mode windows-amd64 compressed oops)
# Failed to write core dump. Minidumps are not enabled by default on client versions of Windows
#

---------------  T H R E A D  ---------------

Current thread (0x00000000197da800):  JavaThread "C2 CompilerThread2" daemon [_thread_in_native, id=20456, stack(0x000000001a2a0000,0x000000001a3a0000)]

Stack: [0x000000001a2a0000,0x000000001a3a0000]
[error occurred during error reporting (printing stack bounds), id 0xc0000005]

Native frames: (J=compiled Java code, j=interpreted, Vv=VM code, C=native code)


Current CompileTask:
C2:  11442 3302       4       groovy.lang.MetaClassImpl$1MOPIter::methodNameAction (325 bytes)


---------------  P R O C E S S  ---------------

Java Threads: ( => current thread )
  0x000000001fefa800 JavaThread "Cache worker for Build Output Cleanup Cache (C:\Users\mahed\OneDrive\Desktop\BetWorks\.gradle\buildOutputCleanup)" [_thread_blocked, id=9192, stack(0x0000000024460000,0x0000000024560000)]
  0x000000001fefe800 JavaThread "Cache worker for file content cache (C:\Users\mahed\.gradle\caches\6.5\fileContent)" [_thread_blocked, id=27716, stack(0x0000000024360000,0x0000000024460000)]
  0x000000001fef8800 JavaThread "Cache worker for execution history cache (C:\Users\mahed\.gradle\caches\6.5\executionHistory)" [_thread_blocked, id=9628, stack(0x0000000023e60000,0x0000000023f60000)]
  0x000000001fefd800 JavaThread "Cache worker for cache directory md-rule (C:\Users\mahed\.gradle\caches\6.5\md-rule)" [_thread_blocked, id=31936, stack(0x0000000023b60000,0x0000000023c60000)]
  0x000000001aa04800 JavaThread "Cache worker for cache directory md-supplier (C:\Users\mahed\.gradle\caches\6.5\md-supplier)" [_thread_blocked, id=34104, stack(0x0000000023a60000,0x0000000023b60000)]
  0x000000001aa03000 JavaThread "Cache worker for checksums cache (C:\Users\mahed\OneDrive\Desktop\BetWorks\.gradle\checksums)" [_thread_blocked, id=11104, stack(0x0000000023960000,0x0000000023a60000)]
  0x000000001aa02800 JavaThread "jar transforms Thread 25" [_thread_blocked, id=26276, stack(0x0000000023660000,0x0000000023760000)]
  0x000000001aa01800 JavaThread "jar transforms Thread 24" [_thread_blocked, id=32796, stack(0x0000000023560000,0x0000000023660000)]
  0x000000001aa04000 JavaThread "jar transforms Thread 23" [_thread_blocked, id=9140, stack(0x0000000023460000,0x0000000023560000)]
  0x000000001a9fa000 JavaThread "jar transforms Thread 22" [_thread_blocked, id=28992, stack(0x0000000023360000,0x0000000023460000)]
  0x000000001aa00800 JavaThread "jar transforms Thread 21" [_thread_blocked, id=18384, stack(0x0000000023260000,0x0000000023360000)]
  0x000000001a9ff000 JavaThread "jar transforms Thread 20" [_thread_blocked, id=16656, stack(0x0000000023160000,0x0000000023260000)]
  0x000000001a9fa800 JavaThread "jar transforms Thread 19" [_thread_blocked, id=11976, stack(0x0000000023060000,0x0000000023160000)]
  0x000000001aa00000 JavaThread "jar transforms Thread 18" [_thread_blocked, id=34684, stack(0x0000000022f60000,0x0000000023060000)]
  0x000000001a9fe800 JavaThread "jar transforms Thread 17" [_thread_blocked, id=26452, stack(0x0000000022e60000,0x0000000022f60000)]
  0x000000001a9f9000 JavaThread "jar transforms Thread 16" [_thread_blocked, id=8316, stack(0x0000000022d60000,0x0000000022e60000)]
  0x000000001a9f7000 JavaThread "jar transforms Thread 15" [_thread_blocked, id=18908, stack(0x0000000022c60000,0x0000000022d60000)]
  0x000000001a9fd800 JavaThread "jar transforms Thread 14" [_thread_blocked, id=22980, stack(0x0000000022a60000,0x0000000022b60000)]
  0x000000001a9f6000 JavaThread "jar transforms Thread 13" [_thread_blocked, id=7540, stack(0x0000000022960000,0x0000000022a60000)]
  0x000000001a9fb800 JavaThread "jar transforms Thread 12" [_thread_blocked, id=17336, stack(0x0000000022860000,0x0000000022960000)]
  0x000000001a9fc000 JavaThread "jar transforms Thread 11" [_thread_blocked, id=35224, stack(0x0000000022760000,0x0000000022860000)]
  0x000000001a9fd000 JavaThread "jar transforms Thread 10" [_thread_blocked, id=34800, stack(0x0000000022660000,0x0000000022760000)]
  0x000000001a9f5800 JavaThread "jar transforms Thread 9" [_thread_blocked, id=3532, stack(0x0000000022560000,0x0000000022660000)]
  0x000000001a9f8800 JavaThread "jar transforms Thread 8" [_thread_blocked, id=14436, stack(0x0000000022460000,0x0000000022560000)]
  0x000000001a9f7800 JavaThread "jar transforms Thread 7" [_thread_blocked, id=13772, stack(0x0000000022360000,0x0000000022460000)]
  0x000000001c724000 JavaThread "jar transforms Thread 6" [_thread_blocked, id=36688, stack(0x0000000021260000,0x0000000021360000)]
  0x000000001c72a000 JavaThread "jar transforms Thread 5" [_thread_blocked, id=26384, stack(0x0000000021160000,0x0000000021260000)]
  0x000000001c727000 JavaThread "jar transforms Thread 4" [_thread_blocked, id=27304, stack(0x0000000021060000,0x0000000021160000)]
  0x000000001c726800 JavaThread "jar transforms Thread 3" [_thread_blocked, id=26056, stack(0x0000000020f60000,0x0000000021060000)]
  0x000000001c729800 JavaThread "jar transforms Thread 2" [_thread_blocked, id=9672, stack(0x0000000020e60000,0x0000000020f60000)]
  0x000000001c728800 JavaThread "jar transforms" [_thread_blocked, id=16008, stack(0x0000000020d60000,0x0000000020e60000)]
  0x000000001c725000 JavaThread "Cache worker for file hash cache (C:\Users\mahed\OneDrive\Desktop\BetWorks\.gradle\6.5\fileHashes)" [_thread_blocked, id=13320, stack(0x0000000020c60000,0x0000000020d60000)]
  0x000000001c723800 JavaThread "Cache worker for file hash cache (C:\Users\mahed\.gradle\caches\6.5\fileHashes)" [_thread_blocked, id=28416, stack(0x000000001f790000,0x000000001f890000)]
  0x000000001c728000 JavaThread "File lock release action executor" [_thread_blocked, id=17572, stack(0x000000001f690000,0x000000001f790000)]
  0x000000001c725800 JavaThread "File lock request listener" [_thread_in_native, id=15308, stack(0x000000001e5c0000,0x000000001e6c0000)]
  0x0000000019903000 JavaThread "Cache worker for journal cache (C:\Users\mahed\.gradle\caches\journal-1)" [_thread_blocked, id=23816, stack(0x000000001e4c0000,0x000000001e5c0000)]
  0x000000001c3d7800 JavaThread "Thread-9" [_thread_blocked, id=5548, stack(0x000000001e1c0000,0x000000001e2c0000)]
  0x000000001c3d0000 JavaThread "Stdin handler" [_thread_blocked, id=31548, stack(0x000000001e0c0000,0x000000001e1c0000)]
  0x000000001c3ce800 JavaThread "Asynchronous log dispatcher for DefaultDaemonConnection: socket connection from /127.0.0.1:55070 to /127.0.0.1:55071" [_thread_blocked, id=31780, stack(0x000000001dfc0000,0x000000001e0c0000)]
  0x000000001c3d4800 JavaThread "Daemon worker" [_thread_blocked, id=2536, stack(0x000000001dec0000,0x000000001dfc0000)]
  0x000000001c3d3800 JavaThread "Cancel handler" [_thread_blocked, id=9352, stack(0x000000001ddc0000,0x000000001dec0000)]
  0x000000001ae9c000 JavaThread "Handler for socket connection from /127.0.0.1:55070 to /127.0.0.1:55071" [_thread_in_native, id=29340, stack(0x000000001dcc0000,0x000000001ddc0000)]
  0x000000001ae99000 JavaThread "Daemon" [_thread_blocked, id=36020, stack(0x000000001dbc0000,0x000000001dcc0000)]
  0x000000001c35f000 JavaThread "Daemon periodic checks" [_thread_blocked, id=34132, stack(0x000000001d8c0000,0x000000001d9c0000)]
  0x000000001c342000 JavaThread "Incoming local TCP Connector on port 55070" [_thread_in_native, id=30108, stack(0x000000001d680000,0x000000001d780000)]
  0x000000001c2ea800 JavaThread "Daemon health stats" [_thread_blocked, id=31396, stack(0x000000001d040000,0x000000001d140000)]
  0x0000000019849000 JavaThread "Service Thread" daemon [_thread_blocked, id=17144, stack(0x000000001a4a0000,0x000000001a5a0000)]
  0x00000000197df800 JavaThread "C1 CompilerThread3" daemon [_thread_blocked, id=34724, stack(0x000000001a3a0000,0x000000001a4a0000)]
=>0x00000000197da800 JavaThread "C2 CompilerThread2" daemon [_thread_in_native, id=20456, stack(0x000000001a2a0000,0x000000001a3a0000)]
  0x00000000197d7000 JavaThread "C2 CompilerThread1" daemon [_thread_blocked, id=2712, stack(0x000000001a1a0000,0x000000001a2a0000)]
  0x00000000197d3000 JavaThread "C2 CompilerThread0" daemon [_thread_in_native, id=15600, stack(0x000000001a0a0000,0x000000001a1a0000)]
  0x00000000197ce000 JavaThread "Attach Listener" daemon [_thread_blocked, id=36720, stack(0x0000000019fa0000,0x000000001a0a0000)]
  0x00000000179de000 JavaThread "Signal Dispatcher" daemon [_thread_blocked, id=9756, stack(0x0000000019ea0000,0x0000000019fa0000)]
  0x0000000002928800 JavaThread "Finalizer" daemon [_thread_blocked, id=28540, stack(0x0000000019ca0000,0x0000000019da0000)]
  0x00000000179cc000 JavaThread "Reference Handler" daemon [_thread_blocked, id=13732, stack(0x0000000019ba0000,0x0000000019ca0000)]
  0x00000000026be000 JavaThread "main" [_thread_blocked, id=29052, stack(0x0000000002730000,0x0000000002830000)]

Other Threads:
  0x00000000179c7800 VMThread [stack: 0x00000000196a0000,0x00000000197a0000] [id=24204]
  0x000000001984a000 WatcherThread [stack: 0x000000001a5a0000,0x000000001a6a0000] [id=33664]

VM state:at safepoint (normal execution)

VM Mutex/Monitor currently owned by a thread:  ([mutex/lock_event])
[0x00000000026bc5a0] Threads_lock - owner thread: 0x00000000179c7800
[0x00000000026bcba0] Heap_lock - owner thread: 0x000000001c3d4800

heap address: 0x0000000080000000, size: 2048 MB, Compressed Oops mode: 32-bit
Narrow klass base: 0x0000000000000000, Narrow klass shift: 3
Compressed class space size: 1073741824 Address: 0x0000000100000000

Heap:
 PSYoungGen      total 76800K, used 63488K [0x00000000d5580000, 0x00000000dd900000, 0x0000000100000000)
  eden space 63488K, 100% used [0x00000000d5580000,0x00000000d9380000,0x00000000d9380000)
  from space 13312K, 0% used [0x00000000d9380000,0x00000000d9380000,0x00000000da080000)
  to   space 13312K, 41% used [0x00000000dcc00000,0x00000000dd165838,0x00000000dd900000)
 ParOldGen       total 126976K, used 15315K [0x0000000080000000, 0x0000000087c00000, 0x00000000d5580000)
  object space 126976K, 12% used [0x0000000080000000,0x0000000080ef4e48,0x0000000087c00000)
 Metaspace       used 36767K, capacity 38256K, committed 38488K, reserved 1083392K
  class space    used 5048K, capacity 5404K, committed 5504K, reserved 1048576K

Card table byte_map: [0x0000000011cf0000,0x0000000012100000] byte_map_base: 0x00000000118f0000

Marking Bits: (ParMarkBitMap*) 0x000000007166f030
 Begin Bits: [0x0000000012bb0000, 0x0000000014bb0000)
 End Bits:   [0x0000000014bb0000, 0x0000000016bb0000)

Polling page: 0x0000000000e90000

CodeCache: size=245760Kb used=11246Kb max_used=11291Kb free=234513Kb
 bounds [0x0000000002930000, 0x0000000003480000, 0x0000000011930000]
 total_blobs=3710 nmethods=3012 adapters=610
 compilation: enabled

Compilation events (10 events):
Event: 11.430 Thread 0x00000000197d7000 nmethod 3301 0x0000000002c3d2d0 code [0x0000000002c3d5c0, 0x0000000002c3e800]
Event: 11.430 Thread 0x00000000197d7000 3303       4       groovy.lang.MetaMethod::getMopName (105 bytes)
Event: 11.431 Thread 0x00000000197df800 nmethod 3321 0x0000000002c43410 code [0x0000000002c435a0, 0x0000000002c439a8]
Event: 11.431 Thread 0x00000000197df800 3322       3       sun.reflect.generics.visitor.Reifier::visitTypeVariableSignature (18 bytes)
Event: 11.431 Thread 0x00000000197df800 nmethod 3322 0x0000000002c42d50 code [0x0000000002c42ee0, 0x0000000002c43248]
Event: 11.432 Thread 0x00000000197df800 3323       3       sun.reflect.generics.reflectiveObjects.TypeVariableImpl::toString (5 bytes)
Event: 11.432 Thread 0x00000000197df800 nmethod 3323 0x0000000002c42a10 code [0x0000000002c42b60, 0x0000000002c42cd0]
Event: 11.436 Thread 0x00000000197df800 3324       3       sun.reflect.generics.parser.SignatureParser::parseZeroOrMoreThrowsSignatures (51 bytes)
Event: 11.437 Thread 0x00000000197df800 nmethod 3324 0x0000000002c41a10 code [0x0000000002c41c20, 0x0000000002c42588]
Event: 11.437 Thread 0x00000000197df800 3325       3       sun.reflect.generics.repository.ClassRepository::getSuperclass (40 bytes)

GC Heap History (10 events):
Event: 7.401 GC heap after
Heap after GC invocations=5 (full 1):
 PSYoungGen      total 76288K, used 0K [0x00000000d5580000, 0x00000000daa80000, 0x0000000100000000)
  eden space 65536K, 0% used [0x00000000d5580000,0x00000000d5580000,0x00000000d9580000)
  from space 10752K, 0% used [0x00000000da000000,0x00000000da000000,0x00000000daa80000)
  to   space 10752K, 0% used [0x00000000d9580000,0x00000000d9580000,0x00000000da000000)
 ParOldGen       total 73728K, used 7042K [0x0000000080000000, 0x0000000084800000, 0x00000000d5580000)
  object space 73728K, 9% used [0x0000000080000000,0x00000000806e0bf8,0x0000000084800000)
 Metaspace       used 20482K, capacity 21154K, committed 21248K, reserved 1067008K
  class space    used 2852K, capacity 3035K, committed 3072K, reserved 1048576K
}
Event: 9.033 GC heap before
{Heap before GC invocations=6 (full 1):
 PSYoungGen      total 76288K, used 65536K [0x00000000d5580000, 0x00000000daa80000, 0x0000000100000000)
  eden space 65536K, 100% used [0x00000000d5580000,0x00000000d9580000,0x00000000d9580000)
  from space 10752K, 0% used [0x00000000da000000,0x00000000da000000,0x00000000daa80000)
  to   space 10752K, 0% used [0x00000000d9580000,0x00000000d9580000,0x00000000da000000)
 ParOldGen       total 73728K, used 7042K [0x0000000080000000, 0x0000000084800000, 0x00000000d5580000)
  object space 73728K, 9% used [0x0000000080000000,0x00000000806e0bf8,0x0000000084800000)
 Metaspace       used 24494K, capacity 25556K, committed 25856K, reserved 1071104K
  class space    used 3497K, capacity 3800K, committed 3840K, reserved 1048576K
Event: 9.036 GC heap after
Heap after GC invocations=6 (full 1):
 PSYoungGen      total 74752K, used 5269K [0x00000000d5580000, 0x00000000dad00000, 0x0000000100000000)
  eden space 64000K, 0% used [0x00000000d5580000,0x00000000d5580000,0x00000000d9400000)
  from space 10752K, 49% used [0x00000000d9580000,0x00000000d9aa5738,0x00000000da000000)
  to   space 12800K, 0% used [0x00000000da080000,0x00000000da080000,0x00000000dad00000)
 ParOldGen       total 73728K, used 7050K [0x0000000080000000, 0x0000000084800000, 0x00000000d5580000)
  object space 73728K, 9% used [0x0000000080000000,0x00000000806e2bf8,0x0000000084800000)
 Metaspace       used 24494K, capacity 25556K, committed 25856K, reserved 1071104K
  class space    used 3497K, capacity 3800K, committed 3840K, reserved 1048576K
}
Event: 9.668 GC heap before
{Heap before GC invocations=7 (full 1):
 PSYoungGen      total 74752K, used 69269K [0x00000000d5580000, 0x00000000dad00000, 0x0000000100000000)
  eden space 64000K, 100% used [0x00000000d5580000,0x00000000d9400000,0x00000000d9400000)
  from space 10752K, 49% used [0x00000000d9580000,0x00000000d9aa5738,0x00000000da000000)
  to   space 12800K, 0% used [0x00000000da080000,0x00000000da080000,0x00000000dad00000)
 ParOldGen       total 73728K, used 7050K [0x0000000080000000, 0x0000000084800000, 0x00000000d5580000)
  object space 73728K, 9% used [0x0000000080000000,0x00000000806e2bf8,0x0000000084800000)
 Metaspace       used 32689K, capacity 33830K, committed 34176K, reserved 1079296K
  class space    used 4406K, capacity 4724K, committed 4736K, reserved 1048576K
Event: 9.676 GC heap after
Heap after GC invocations=7 (full 1):
 PSYoungGen      total 76288K, used 10402K [0x00000000d5580000, 0x00000000dd280000, 0x0000000100000000)
  eden space 63488K, 0% used [0x00000000d5580000,0x00000000d5580000,0x00000000d9380000)
  from space 12800K, 81% used [0x00000000da080000,0x00000000daaa8b28,0x00000000dad00000)
  to   space 13312K, 0% used [0x00000000d9380000,0x00000000d9380000,0x00000000da080000)
 ParOldGen       total 73728K, used 7058K [0x0000000080000000, 0x0000000084800000, 0x00000000d5580000)
  object space 73728K, 9% used [0x0000000080000000,0x00000000806e4bf8,0x0000000084800000)
 Metaspace       used 32689K, capacity 33830K, committed 34176K, reserved 1079296K
  class space    used 4406K, capacity 4724K, committed 4736K, reserved 1048576K
}
Event: 9.977 GC heap before
{Heap before GC invocations=8 (full 1):
 PSYoungGen      total 76288K, used 42330K [0x00000000d5580000, 0x00000000dd280000, 0x0000000100000000)
  eden space 63488K, 50% used [0x00000000d5580000,0x00000000d74ae0c8,0x00000000d9380000)
  from space 12800K, 81% used [0x00000000da080000,0x00000000daaa8b28,0x00000000dad00000)
  to   space 13312K, 0% used [0x00000000d9380000,0x00000000d9380000,0x00000000da080000)
 ParOldGen       total 73728K, used 7058K [0x0000000080000000, 0x0000000084800000, 0x00000000d5580000)
  object space 73728K, 9% used [0x0000000080000000,0x00000000806e4bf8,0x0000000084800000)
 Metaspace       used 34040K, capacity 35250K, committed 35416K, reserved 1079296K
  class space    used 4585K, capacity 4880K, committed 4992K, reserved 1048576K
Event: 9.985 GC heap after
Heap after GC invocations=8 (full 1):
 PSYoungGen      total 76800K, used 9253K [0x00000000d5580000, 0x00000000dd900000, 0x0000000100000000)
  eden space 63488K, 0% used [0x00000000d5580000,0x00000000d5580000,0x00000000d9380000)
  from space 13312K, 69% used [0x00000000d9380000,0x00000000d9c89770,0x00000000da080000)
  to   space 13312K, 0% used [0x00000000dcc00000,0x00000000dcc00000,0x00000000dd900000)
 ParOldGen       total 73728K, used 7066K [0x0000000080000000, 0x0000000084800000, 0x00000000d5580000)
  object space 73728K, 9% used [0x0000000080000000,0x00000000806e6bf8,0x0000000084800000)
 Metaspace       used 34040K, capacity 35250K, committed 35416K, reserved 1079296K
  class space    used 4585K, capacity 4880K, committed 4992K, reserved 1048576K
}
Event: 9.985 GC heap before
{Heap before GC invocations=9 (full 2):
 PSYoungGen      total 76800K, used 9253K [0x00000000d5580000, 0x00000000dd900000, 0x0000000100000000)
  eden space 63488K, 0% used [0x00000000d5580000,0x00000000d5580000,0x00000000d9380000)
  from space 13312K, 69% used [0x00000000d9380000,0x00000000d9c89770,0x00000000da080000)
  to   space 13312K, 0% used [0x00000000dcc00000,0x00000000dcc00000,0x00000000dd900000)
 ParOldGen       total 73728K, used 7066K [0x0000000080000000, 0x0000000084800000, 0x00000000d5580000)
  object space 73728K, 9% used [0x0000000080000000,0x00000000806e6bf8,0x0000000084800000)
 Metaspace       used 34040K, capacity 35250K, committed 35416K, reserved 1079296K
  class space    used 4585K, capacity 4880K, committed 4992K, reserved 1048576K
Event: 10.095 GC heap after
Heap after GC invocations=9 (full 2):
 PSYoungGen      total 76800K, used 0K [0x00000000d5580000, 0x00000000dd900000, 0x0000000100000000)
  eden space 63488K, 0% used [0x00000000d5580000,0x00000000d5580000,0x00000000d9380000)
  from space 13312K, 0% used [0x00000000d9380000,0x00000000d9380000,0x00000000da080000)
  to   space 13312K, 0% used [0x00000000dcc00000,0x00000000dcc00000,0x00000000dd900000)
 ParOldGen       total 126976K, used 15315K [0x0000000080000000, 0x0000000087c00000, 0x00000000d5580000)
  object space 126976K, 12% used [0x0000000080000000,0x0000000080ef4e48,0x0000000087c00000)
 Metaspace       used 34040K, capacity 35250K, committed 35416K, reserved 1079296K
  class space    used 4585K, capacity 4880K, committed 4992K, reserved 1048576K
}
Event: 11.437 GC heap before
{Heap before GC invocations=10 (full 2):
 PSYoungGen      total 76800K, used 63488K [0x00000000d5580000, 0x00000000dd900000, 0x0000000100000000)
  eden space 63488K, 100% used [0x00000000d5580000,0x00000000d9380000,0x00000000d9380000)
  from space 13312K, 0% used [0x00000000d9380000,0x00000000d9380000,0x00000000da080000)
  to   space 13312K, 0% used [0x00000000dcc00000,0x00000000dcc00000,0x00000000dd900000)
 ParOldGen       total 126976K, used 15315K [0x0000000080000000, 0x0000000087c00000, 0x00000000d5580000)
  object space 126976K, 12% used [0x0000000080000000,0x0000000080ef4e48,0x0000000087c00000)
 Metaspace       used 36767K, capacity 38256K, committed 38488K, reserved 1083392K
  class space    used 5048K, capacity 5404K, committed 5504K, reserved 1048576K

Deoptimization events (10 events):
Event: 10.161 Thread 0x000000001c3d4800 Uncommon trap: reason=unstable_if action=reinterpret pc=0x0000000003423cf0 method=org.codehaus.groovy.runtime.metaclass.MetaMethodIndex.addMethodToList(Ljava/lang/Object;Lgroovy/lang/MetaMethod;)Ljava/lang/Object; @ 226
Event: 10.184 Thread 0x000000001c3d4800 Uncommon trap: reason=unstable_if action=reinterpret pc=0x0000000002f29890 method=java.util.HashMap.putVal(ILjava/lang/Object;Ljava/lang/Object;ZZ)Ljava/lang/Object; @ 162
Event: 10.186 Thread 0x000000001c3d4800 Uncommon trap: reason=range_check action=make_not_entrant pc=0x000000000335ebd4 method=java.lang.String.charAt(I)C @ 27
Event: 10.336 Thread 0x000000001c3d4800 Uncommon trap: reason=unstable_if action=reinterpret pc=0x0000000002bd3de4 method=java.util.HashMap.getNode(ILjava/lang/Object;)Ljava/util/HashMap$Node; @ 53
Event: 10.357 Thread 0x000000001c3d4800 Uncommon trap: reason=unstable_if action=reinterpret pc=0x0000000002f5a704 method=java.util.HashMap.getNode(ILjava/lang/Object;)Ljava/util/HashMap$Node; @ 53
Event: 10.403 Thread 0x000000001c3d4800 Uncommon trap: reason=unstable_if action=reinterpret pc=0x00000000030fe140 method=org.objectweb.asm.ByteVector.putShort(I)Lorg/objectweb/asm/ByteVector; @ 13
Event: 10.405 Thread 0x000000001c3d4800 Uncommon trap: reason=unstable_if action=reinterpret pc=0x000000000305ef9c method=java.net.URLStreamHandler.sameFile(Ljava/net/URL;Ljava/net/URL;)Z @ 63
Event: 10.407 Thread 0x000000001c3d4800 Uncommon trap: reason=unstable_if action=reinterpret pc=0x000000000304a914 method=java.net.URLStreamHandler.sameFile(Ljava/net/URL;Ljava/net/URL;)Z @ 63
Event: 11.232 Thread 0x000000001c3d4800 Uncommon trap: reason=unstable_if action=reinterpret pc=0x0000000002dc65a8 method=org.codehaus.groovy.runtime.metaclass.MetaMethodIndex.isNonRealMethod(Lgroovy/lang/MetaMethod;)Z @ 4
Event: 11.283 Thread 0x000000001c3d4800 Uncommon trap: reason=unstable_if action=reinterpret pc=0x00000000032fc438 method=org.gradle.internal.reflect.PropertyAccessorType.isGetGetterName(Ljava/lang/String;)Z @ 14

Classes redefined (0 events):
No events

Internal exceptions (10 events):
Event: 11.422 Thread 0x000000001c3d4800 Exception <a 'java/lang/ClassNotFoundException': org/gradle/api/internal/artifacts/dsl/DefaultRepositoryHandlerBeanInfo> (0x00000000d907ada0) thrown at [C:\src\AOSP-openjdk-git\hotspot\src\share\vm\classfile\systemDictionary.cpp, line 210]
Event: 11.423 Thread 0x000000001c3d4800 Exception <a 'java/lang/ClassNotFoundException': org/gradle/api/internal/artifacts/DefaultArtifactRepositoryContainerBeanInfo> (0x00000000d90cdb48) thrown at [C:\src\AOSP-openjdk-git\hotspot\src\share\vm\classfile\systemDictionary.cpp, line 210]
Event: 11.424 Thread 0x000000001c3d4800 Exception <a 'java/lang/ClassNotFoundException': org/gradle/api/internal/DefaultNamedDomainObjectListBeanInfo> (0x00000000d9101000) thrown at [C:\src\AOSP-openjdk-git\hotspot\src\share\vm\classfile\systemDictionary.cpp, line 210]
Event: 11.425 Thread 0x000000001c3d4800 Exception <a 'java/lang/ClassNotFoundException': org/gradle/api/internal/DefaultNamedDomainObjectCollectionBeanInfo> (0x00000000d9136b70) thrown at [C:\src\AOSP-openjdk-git\hotspot\src\share\vm\classfile\systemDictionary.cpp, line 210]
Event: 11.426 Thread 0x000000001c3d4800 Exception <a 'java/lang/ClassNotFoundException': org/gradle/api/internal/DefaultDomainObjectCollectionBeanInfo> (0x00000000d916afb0) thrown at [C:\src\AOSP-openjdk-git\hotspot\src\share\vm\classfile\systemDictionary.cpp, line 210]
Event: 11.427 Thread 0x000000001c3d4800 Exception <a 'java/lang/ClassNotFoundException': org/gradle/api/internal/DefaultDomainObjectCollectionCustomizer> (0x00000000d91a00b8) thrown at [C:\src\AOSP-openjdk-git\hotspot\src\share\vm\classfile\systemDictionary.cpp, line 210]
Event: 11.429 Thread 0x000000001c3d4800 Exception <a 'java/lang/ClassNotFoundException': org/gradle/api/internal/DefaultNamedDomainObjectCollectionCustomizer> (0x00000000d91fe400) thrown at [C:\src\AOSP-openjdk-git\hotspot\src\share\vm\classfile\systemDictionary.cpp, line 210]
Event: 11.431 Thread 0x000000001c3d4800 Exception <a 'java/lang/ClassNotFoundException': org/gradle/api/internal/DefaultNamedDomainObjectListCustomizer> (0x00000000d926d480) thrown at [C:\src\AOSP-openjdk-git\hotspot\src\share\vm\classfile\systemDictionary.cpp, line 210]
Event: 11.434 Thread 0x000000001c3d4800 Exception <a 'java/lang/ClassNotFoundException': org/gradle/api/internal/artifacts/DefaultArtifactRepositoryContainerCustomizer> (0x00000000d92e18b8) thrown at [C:\src\AOSP-openjdk-git\hotspot\src\share\vm\classfile\systemDictionary.cpp, line 210]
Event: 11.436 Thread 0x000000001c3d4800 Exception <a 'java/lang/ClassNotFoundException': org/gradle/api/internal/artifacts/dsl/DefaultRepositoryHandlerCustomizer> (0x00000000d9346c70) thrown at [C:\src\AOSP-openjdk-git\hotspot\src\share\vm\classfile\systemDictionary.cpp, line 210]

Events (10 events):
Event: 11.435 loading class org/gradle/api/internal/artifacts/dsl/DefaultRepositoryHandlerCustomizer done
Event: 11.435 loading class org/gradle/api/internal/artifacts/dsl/DefaultRepositoryHandlerCustomizer
Event: 11.435 loading class org/gradle/api/internal/artifacts/dsl/DefaultRepositoryHandlerCustomizer done
Event: 11.436 loading class org/gradle/api/internal/artifacts/dsl/DefaultRepositoryHandlerCustomizer
Event: 11.436 loading class org/gradle/api/internal/artifacts/dsl/DefaultRepositoryHandlerCustomizer done
Event: 11.436 loading class org/gradle/api/artifacts/repositories/ExclusiveContentRepository
Event: 11.436 loading class org/gradle/api/artifacts/repositories/ExclusiveContentRepository done
Event: 11.437 loading class org/gradle/api/internal/artifacts/dsl/DefaultRepositoryHandler_DecoratedCustomizer
Event: 11.437 loading class org/gradle/api/internal/artifacts/dsl/DefaultRepositoryHandler_DecoratedCustomizer done
Event: 11.437 Executing VM operation: ParallelGCFailedAllocation


Dynamic libraries:
0x00007ff7c8170000 - 0x00007ff7c81a1000 	C:\Program Files\Android\Android Studio\jre\bin\java.exe
0x00007ffc2dc20000 - 0x00007ffc2de10000 	C:\Windows\SYSTEM32\ntdll.dll
0x00007ffc2bfb0000 - 0x00007ffc2c062000 	C:\Windows\System32\KERNEL32.DLL
0x00007ffc2abc0000 - 0x00007ffc2ae65000 	C:\Windows\System32\KERNELBASE.dll
0x00007ffc2cc30000 - 0x00007ffc2ccd3000 	C:\Windows\System32\ADVAPI32.dll
0x00007ffc2da10000 - 0x00007ffc2daae000 	C:\Windows\System32\msvcrt.dll
0x00007ffc2cb90000 - 0x00007ffc2cc27000 	C:\Windows\System32\sechost.dll
0x00007ffc2d580000 - 0x00007ffc2d6a0000 	C:\Windows\System32\RPCRT4.dll
0x00007ffc2d870000 - 0x00007ffc2da04000 	C:\Windows\System32\USER32.dll
0x00007ffc2bbd0000 - 0x00007ffc2bbf1000 	C:\Windows\System32\win32u.dll
0x00007ffc2bcf0000 - 0x00007ffc2bd16000 	C:\Windows\System32\GDI32.dll
0x00007ffc2b9e0000 - 0x00007ffc2bb76000 	C:\Windows\System32\gdi32full.dll
0x00007ffc2b120000 - 0x00007ffc2b1be000 	C:\Windows\System32\msvcp_win.dll
0x00007ffc2b020000 - 0x00007ffc2b11a000 	C:\Windows\System32\ucrtbase.dll
0x00007ffc10f30000 - 0x00007ffc111b4000 	C:\Windows\WinSxS\amd64_microsoft.windows.common-controls_6595b64144ccf1df_6.0.18362.1256_none_9e7e379be45e40e2\COMCTL32.dll
0x00007ffc2c850000 - 0x00007ffc2cb86000 	C:\Windows\System32\combase.dll
0x00007ffc2b950000 - 0x00007ffc2b9d1000 	C:\Windows\System32\bcryptPrimitives.dll
0x00007ffc2c820000 - 0x00007ffc2c84e000 	C:\Windows\System32\IMM32.DLL
0x0000000071a20000 - 0x0000000071af2000 	C:\Program Files\Android\Android Studio\jre\jre\bin\msvcr100.dll
0x0000000070ea0000 - 0x00000000716eb000 	C:\Program Files\Android\Android Studio\jre\jre\bin\server\jvm.dll
0x00007ffc2ce20000 - 0x00007ffc2ce28000 	C:\Windows\System32\PSAPI.DLL
0x00007ffc28aa0000 - 0x00007ffc28ac4000 	C:\Windows\SYSTEM32\WINMM.dll
0x00007ffc17ca0000 - 0x00007ffc17ca9000 	C:\Windows\SYSTEM32\WSOCK32.dll
0x00007ffc25c70000 - 0x00007ffc25c7a000 	C:\Windows\SYSTEM32\VERSION.dll
0x00007ffc2cee0000 - 0x00007ffc2cf4f000 	C:\Windows\System32\WS2_32.dll
0x00007ffc28a70000 - 0x00007ffc28a9d000 	C:\Windows\SYSTEM32\WINMMBASE.dll
0x00007ffc2bb80000 - 0x00007ffc2bbca000 	C:\Windows\System32\cfgmgr32.dll
0x00007ffc26aa0000 - 0x00007ffc26aaf000 	C:\Program Files\Android\Android Studio\jre\jre\bin\verify.dll
0x00007ffc20b20000 - 0x00007ffc20b49000 	C:\Program Files\Android\Android Studio\jre\jre\bin\java.dll
0x00007ffc24b50000 - 0x00007ffc24b66000 	C:\Program Files\Android\Android Studio\jre\jre\bin\zip.dll
0x00007ffc2c070000 - 0x00007ffc2c757000 	C:\Windows\System32\SHELL32.dll
0x00007ffc2ce30000 - 0x00007ffc2ced9000 	C:\Windows\System32\shcore.dll
0x00007ffc2b1c0000 - 0x00007ffc2b941000 	C:\Windows\System32\windows.storage.dll
0x00007ffc2ab60000 - 0x00007ffc2ab83000 	C:\Windows\System32\profapi.dll
0x00007ffc2ab10000 - 0x00007ffc2ab5a000 	C:\Windows\System32\powrprof.dll
0x00007ffc2aac0000 - 0x00007ffc2aad0000 	C:\Windows\System32\UMPDC.dll
0x00007ffc2c7c0000 - 0x00007ffc2c812000 	C:\Windows\System32\shlwapi.dll
0x00007ffc2aaf0000 - 0x00007ffc2ab01000 	C:\Windows\System32\kernel.appcore.dll
0x00007ffc2bc00000 - 0x00007ffc2bc17000 	C:\Windows\System32\cryptsp.dll
0x00007ffc20b00000 - 0x00007ffc20b1a000 	C:\Program Files\Android\Android Studio\jre\jre\bin\net.dll
0x00007ffc2a2b0000 - 0x00007ffc2a317000 	C:\Windows\system32\mswsock.dll
0x00007ffc20ae0000 - 0x00007ffc20af3000 	C:\Program Files\Android\Android Studio\jre\jre\bin\nio.dll
0x00007ffc04a20000 - 0x00007ffc04a47000 	C:\Users\mahed\.gradle\native\f6784746aeab05261644944871eae4fe03e0ef1612fff0a4a95f87b438bc6780\windows-amd64\native-platform.dll
0x00007ffc25da0000 - 0x00007ffc25dad000 	C:\Program Files\Android\Android Studio\jre\jre\bin\management.dll
0x00007ffc29e20000 - 0x00007ffc29e53000 	C:\Windows\system32\rsaenh.dll
0x00007ffc2ab90000 - 0x00007ffc2abb6000 	C:\Windows\System32\bcrypt.dll
0x00007ffc2a9e0000 - 0x00007ffc2aa05000 	C:\Windows\SYSTEM32\USERENV.dll
0x00007ffc2a480000 - 0x00007ffc2a48c000 	C:\Windows\SYSTEM32\CRYPTBASE.dll
0x00007ffc29fc0000 - 0x00007ffc29ffa000 	C:\Windows\SYSTEM32\IPHLPAPI.DLL
0x00007ffc2bf20000 - 0x00007ffc2bf28000 	C:\Windows\System32\NSI.dll
0x00007ffc22860000 - 0x00007ffc22876000 	C:\Windows\SYSTEM32\dhcpcsvc6.DLL
0x00007ffc23220000 - 0x00007ffc2323c000 	C:\Windows\SYSTEM32\dhcpcsvc.DLL
0x00007ffc2a000000 - 0x00007ffc2a0cb000 	C:\Windows\SYSTEM32\DNSAPI.dll
0x00007ffc23240000 - 0x00007ffc2324b000 	C:\Windows\SYSTEM32\WINNSI.DLL

VM Arguments:
jvm_args: -Xmx2048m -Dfile.encoding=UTF-8 -Duser.country=CA -Duser.language=en -Duser.variant 
java_command: org.gradle.launcher.daemon.bootstrap.GradleDaemon 6.5
java_class_path (initial): C:\Users\mahed\.gradle\wrapper\dists\gradle-6.5-bin\6nifqtx7604sqp1q6g8wikw7p\gradle-6.5\lib\gradle-launcher-6.5.jar
Launcher Type: SUN_STANDARD

Environment Variables:
JAVA_HOME=C:\Program Files\Java\jdk-14.0.1
PATH=C:\Windows\system32;C:\Windows;C:\Windows\System32\Wbem;C:\Windows\System32\WindowsPowerShell\v1.0\;C:\Windows\System32\OpenSSH\;C:\Program Files\Java\jdk-14.0.1\bin;C:\Program Files\nodejs\;C:\Program Files\Intel\WiFi\bin\;C:\Program Files\Common Files\Intel\WirelessCommon\;C:\Program Files\Git\cmd;C:\Program Files\MySQL\MySQL Shell 8.0\bin\;C:\Users\mahed\AppData\Local\Microsoft\WindowsApps;C:\Users\mahed\AppData\Roaming\npm;C:\Users\mahed\AppData\Local\Programs\Microsoft VS Code\bin
USERNAME=mahed
OS=Windows_NT
PROCESSOR_IDENTIFIER=Intel64 Family 6 Model 142 Stepping 10, GenuineIntel



---------------  S Y S T E M  ---------------

OS: Windows 10.0 , 64 bit Build 18362 (10.0.18362.1110)

CPU:total 8 (initial active 8) (4 cores per cpu, 2 threads per core) family 6 model 142 stepping 10, cmov, cx8, fxsr, mmx, sse, sse2, sse3, ssse3, sse4.1, sse4.2, popcnt, avx, avx2, aes, clmul, erms, 3dnowpref, lzcnt, ht, tsc, tscinvbit, bmi1, bmi2, adx

Memory: 4k page, physical 16657464k(3442672k free), swap 45878708k(11748k free)

vm_info: OpenJDK 64-Bit Server VM (25.242-b01) for windows-amd64 JRE (1.8.0_242-release-1644-b01), built by "builder" with MS VC++ 10.0 (VS2010)

time: Wed Jan 06 13:57:33 2021
timezone: Eastern Standard Time
elapsed time: 11 seconds (0d 0h 0m 11s)

