#
# There is insufficient memory for the Java Runtime Environment to continue.
# Native memory allocation (malloc) failed to allocate 1207056 bytes for Chunk::new
# Possible reasons:
#   The system is out of physical RAM or swap space
#   The process is running with CompressedOops enabled, and the Java Heap may be blocking the growth of the native heap
# Possible solutions:
#   Reduce memory load on the system
#   Increase physical memory or swap space
#   Check if swap backing store is full
#   Decrease Java heap size (-Xmx/-Xms)
#   Decrease number of Java threads
#   Decrease Java thread stack sizes (-Xss)
#   Set larger code cache with -XX:ReservedCodeCacheSize=
#   JVM is running with Unscaled Compressed Oops mode in which the Java heap is
#     placed in the first 4GB address space. The Java Heap base address is the
#     maximum limit for the native heap growth. Please use -XX:HeapBaseMinAddress
#     to set the Java Heap base and to place the Java Heap above 4GB virtual address.
# This output file may be truncated or incomplete.
#
#  Out of Memory Error (allocation.cpp:389), pid=14036, tid=0x0000000000001974
#
# JRE version: OpenJDK Runtime Environment (8.0_242-b01) (build 1.8.0_242-release-1644-b01)
# Java VM: OpenJDK 64-Bit Server VM (25.242-b01 mixed mode windows-amd64 compressed oops)
# Failed to write core dump. Minidumps are not enabled by default on client versions of Windows
#

---------------  T H R E A D  ---------------

Current thread (0x0000000019821800):  JavaThread "C2 CompilerThread0" daemon [_thread_in_native, id=6516, stack(0x000000001a0f0000,0x000000001a1f0000)]

Stack: [0x000000001a0f0000,0x000000001a1f0000]
[error occurred during error reporting (printing stack bounds), id 0xc0000005]

Native frames: (J=compiled Java code, j=interpreted, Vv=VM code, C=native code)


Current CompileTask:
C2:1339374 21800       4       org.gradle.api.internal.artifacts.transform.AttributeMatchingVariantSelector::doSelect (491 bytes)


---------------  P R O C E S S  ---------------

Java Threads: ( => current thread )
  0x0000000021878800 JavaThread "ForkJoinPool-5-worker-0" daemon [_thread_blocked, id=14604, stack(0x0000000032470000,0x0000000032570000)]
  0x0000000021876800 JavaThread "ForkJoinPool-5-worker-7" daemon [_thread_blocked, id=21552, stack(0x0000000031f10000,0x0000000032010000)]
  0x000000002187a000 JavaThread "ForkJoinPool-5-worker-6" daemon [_thread_blocked, id=9388, stack(0x0000000031850000,0x0000000031950000)]
  0x0000000021878000 JavaThread "ForkJoinPool-5-worker-5" daemon [_thread_blocked, id=11396, stack(0x0000000030360000,0x0000000030460000)]
  0x000000002187b000 JavaThread "ForkJoinPool-5-worker-4" daemon [_thread_blocked, id=2436, stack(0x0000000030260000,0x0000000030360000)]
  0x0000000020394800 JavaThread "ForkJoinPool-5-worker-3" daemon [_thread_blocked, id=23112, stack(0x0000000030160000,0x0000000030260000)]
  0x000000001ff50800 JavaThread "ForkJoinPool-5-worker-2" daemon [_thread_blocked, id=32232, stack(0x0000000030060000,0x0000000030160000)]
  0x000000001c2f3000 JavaThread "ForkJoinPool-5-worker-1" daemon [_thread_blocked, id=23436, stack(0x000000002ff60000,0x0000000030060000)]
  0x000000001c2f2000 JavaThread "WorkerExecutor Queue Thread 6" [_thread_blocked, id=15276, stack(0x000000002fe60000,0x000000002ff60000)]
  0x000000001c2f0800 JavaThread "WorkerExecutor Queue Thread 5" [_thread_in_Java, id=9900, stack(0x000000002fd60000,0x000000002fe60000)]
  0x000000001c2f6800 JavaThread "WorkerExecutor Queue Thread 4" [_thread_blocked, id=10388, stack(0x000000002fc60000,0x000000002fd60000)]
  0x0000000020390000 JavaThread "WorkerExecutor Queue Thread 3" [_thread_blocked, id=1540, stack(0x000000002fb60000,0x000000002fc60000)]
  0x000000002038f800 JavaThread "WorkerExecutor Queue Thread 2" [_thread_blocked, id=16016, stack(0x000000002fa60000,0x000000002fb60000)]
  0x000000002038e800 JavaThread "WorkerExecutor Queue" [_thread_blocked, id=21976, stack(0x000000002f960000,0x000000002fa60000)]
  0x0000000020394000 JavaThread "ForkJoinPool.commonPool-worker-5" daemon [_thread_blocked, id=7140, stack(0x000000002f860000,0x000000002f960000)]
  0x0000000020387000 JavaThread "ForkJoinPool.commonPool-worker-4" daemon [_thread_blocked, id=33768, stack(0x000000002f760000,0x000000002f860000)]
  0x000000002038c000 JavaThread "ForkJoinPool.commonPool-worker-3" daemon [_thread_blocked, id=15688, stack(0x000000002f460000,0x000000002f560000)]
  0x000000002038e000 JavaThread "ForkJoinPool.commonPool-worker-2" daemon [_thread_blocked, id=35660, stack(0x000000002eb60000,0x000000002ec60000)]
  0x000000002038a800 JavaThread "ForkJoinPool.commonPool-worker-1" daemon [_thread_blocked, id=30336, stack(0x000000002ea60000,0x000000002eb60000)]
  0x000000002038a000 JavaThread "ForkJoinPool.commonPool-worker-0" daemon [_thread_blocked, id=9380, stack(0x000000002e960000,0x000000002ea60000)]
  0x0000000020389000 JavaThread "ForkJoinPool.commonPool-worker-7" daemon [_thread_blocked, id=26788, stack(0x000000002e860000,0x000000002e960000)]
  0x0000000020386000 JavaThread "Cache worker for Java compile cache (C:\Users\mahed\OneDrive\Desktop\BetWorks\.gradle\6.5\javaCompile)" [_thread_blocked, id=2556, stack(0x000000002e330000,0x000000002e430000)]
  0x000000002038b800 JavaThread "Cache worker for execution history cache (C:\Users\mahed\OneDrive\Desktop\BetWorks\.gradle\6.5\executionHistory)" [_thread_blocked, id=18520, stack(0x000000002de30000,0x000000002df30000)]
  0x0000000021959800 JavaThread "Execution worker for ':' Thread 7" [_thread_blocked, id=35172, stack(0x000000002dd30000,0x000000002de30000)]
  0x0000000021958800 JavaThread "Execution worker for ':' Thread 6" [_thread_blocked, id=20580, stack(0x000000002dc30000,0x000000002dd30000)]
  0x0000000021958000 JavaThread "Execution worker for ':' Thread 5" [_thread_blocked, id=29184, stack(0x000000002db30000,0x000000002dc30000)]
  0x0000000021955000 JavaThread "Execution worker for ':' Thread 4" [_thread_blocked, id=26736, stack(0x000000002da30000,0x000000002db30000)]
  0x0000000021950800 JavaThread "Execution worker for ':' Thread 3" [_thread_blocked, id=27772, stack(0x000000002d330000,0x000000002d430000)]
  0x0000000021952800 JavaThread "Execution worker for ':' Thread 2" [_thread_blocked, id=34132, stack(0x000000002d030000,0x000000002d130000)]
  0x0000000021956800 JavaThread "Execution worker for ':'" [_thread_blocked, id=13932, stack(0x000000002c030000,0x000000002c130000)]
  0x0000000021954000 JavaThread "Cache worker for file content cache (C:\Users\mahed\OneDrive\Desktop\BetWorks\.gradle\6.5\fileContent)" [_thread_blocked, id=3240, stack(0x000000002b9f0000,0x000000002baf0000)]
  0x0000000021953800 JavaThread "Cache worker for Build Output Cleanup Cache (C:\Users\mahed\OneDrive\Desktop\BetWorks\.gradle\buildOutputCleanup)" [_thread_blocked, id=24732, stack(0x000000002b8f0000,0x000000002b9f0000)]
  0x0000000021955800 JavaThread "jar transforms Thread 452" [_thread_blocked, id=21956, stack(0x000000002b7f0000,0x000000002b8f0000)]
  0x0000000021957000 JavaThread "jar transforms Thread 451" [_thread_blocked, id=29272, stack(0x000000002b6f0000,0x000000002b7f0000)]
  0x000000002194c800 JavaThread "jar transforms Thread 450" [_thread_blocked, id=8456, stack(0x000000002b5f0000,0x000000002b6f0000)]
  0x000000002194f800 JavaThread "jar transforms Thread 449" [_thread_blocked, id=9892, stack(0x000000002b4f0000,0x000000002b5f0000)]
  0x000000002194b000 JavaThread "jar transforms Thread 448" [_thread_blocked, id=22384, stack(0x000000002b3f0000,0x000000002b4f0000)]
  0x0000000021952000 JavaThread "jar transforms Thread 447" [_thread_blocked, id=10852, stack(0x000000002b2f0000,0x000000002b3f0000)]
  0x000000002194a800 JavaThread "jar transforms Thread 446" [_thread_blocked, id=18384, stack(0x000000002b1f0000,0x000000002b2f0000)]
  0x000000002194d800 JavaThread "jar transforms Thread 445" [_thread_blocked, id=32952, stack(0x000000002b0f0000,0x000000002b1f0000)]
  0x0000000021ca6000 JavaThread "jar transforms Thread 444" [_thread_blocked, id=2544, stack(0x000000002aff0000,0x000000002b0f0000)]
  0x0000000021ca4800 JavaThread "jar transforms Thread 443" [_thread_blocked, id=24452, stack(0x000000002aef0000,0x000000002aff0000)]
  0x0000000021ca3800 JavaThread "jar transforms Thread 442" [_thread_blocked, id=636, stack(0x000000002adf0000,0x000000002aef0000)]
  0x0000000021ca0000 JavaThread "jar transforms Thread 441" [_thread_blocked, id=35736, stack(0x000000002acf0000,0x000000002adf0000)]
  0x0000000021ca5000 JavaThread "jar transforms Thread 440" [_thread_blocked, id=20396, stack(0x000000002abf0000,0x000000002acf0000)]
  0x0000000021c9e800 JavaThread "jar transforms Thread 439" [_thread_blocked, id=2120, stack(0x000000002aaf0000,0x000000002abf0000)]
  0x0000000021ca3000 JavaThread "jar transforms Thread 438" [_thread_blocked, id=7540, stack(0x000000002a9f0000,0x000000002aaf0000)]
  0x0000000021c9d800 JavaThread "jar transforms Thread 437" [_thread_blocked, id=33272, stack(0x000000002a8f0000,0x000000002a9f0000)]
  0x0000000021ca1800 JavaThread "jar transforms Thread 436" [_thread_blocked, id=2648, stack(0x000000002a7f0000,0x000000002a8f0000)]
  0x0000000021c98800 JavaThread "jar transforms Thread 435" [_thread_blocked, id=7808, stack(0x000000002a6f0000,0x000000002a7f0000)]
  0x0000000021c9f000 JavaThread "jar transforms Thread 434" [_thread_blocked, id=23808, stack(0x000000002a5f0000,0x000000002a6f0000)]
  0x0000000021c9d000 JavaThread "jar transforms Thread 433" [_thread_blocked, id=35504, stack(0x000000002a4f0000,0x000000002a5f0000)]
  0x0000000021c99000 JavaThread "jar transforms Thread 432" [_thread_blocked, id=29112, stack(0x000000002a3f0000,0x000000002a4f0000)]
  0x0000000021c9a800 JavaThread "jar transforms Thread 431" [_thread_blocked, id=19176, stack(0x000000002a2f0000,0x000000002a3f0000)]
  0x0000000021c9c000 JavaThread "jar transforms Thread 430" [_thread_blocked, id=27716, stack(0x000000002a1f0000,0x000000002a2f0000)]
  0x0000000021c9b800 JavaThread "jar transforms Thread 429" [_thread_blocked, id=16032, stack(0x000000002a0f0000,0x000000002a1f0000)]
  0x0000000021c9a000 JavaThread "jar transforms Thread 428" [_thread_blocked, id=7676, stack(0x0000000029ff0000,0x000000002a0f0000)]
  0x0000000021c96800 JavaThread "jar transforms Thread 427" [_thread_blocked, id=11872, stack(0x0000000029ef0000,0x0000000029ff0000)]
  0x000000001b86a000 JavaThread "jar transforms Thread 426" [_thread_blocked, id=14792, stack(0x0000000029df0000,0x0000000029ef0000)]
  0x000000001b869000 JavaThread "jar transforms Thread 425" [_thread_blocked, id=740, stack(0x0000000029cf0000,0x0000000029df0000)]
  0x000000001b868800 JavaThread "jar transforms Thread 424" [_thread_blocked, id=29480, stack(0x0000000029bf0000,0x0000000029cf0000)]
  0x000000001b861000 JavaThread "jar transforms Thread 423" [_thread_blocked, id=5824, stack(0x0000000029af0000,0x0000000029bf0000)]
  0x000000001b867800 JavaThread "jar transforms Thread 422" [_thread_blocked, id=20136, stack(0x00000000299f0000,0x0000000029af0000)]
  0x000000001b867000 JavaThread "jar transforms Thread 421" [_thread_blocked, id=10976, stack(0x00000000298f0000,0x00000000299f0000)]
  0x000000001b85f800 JavaThread "jar transforms Thread 420" [_thread_blocked, id=10400, stack(0x00000000297f0000,0x00000000298f0000)]
  0x000000001b85e800 JavaThread "jar transforms Thread 419" [_thread_blocked, id=17276, stack(0x00000000296f0000,0x00000000297f0000)]
  0x000000001b85e000 JavaThread "jar transforms Thread 418" [_thread_blocked, id=25120, stack(0x00000000295f0000,0x00000000296f0000)]
  0x000000001b864800 JavaThread "jar transforms Thread 417" [_thread_blocked, id=31300, stack(0x00000000294f0000,0x00000000295f0000)]
  0x000000001b864000 JavaThread "jar transforms Thread 416" [_thread_blocked, id=22744, stack(0x00000000293f0000,0x00000000294f0000)]
  0x000000001b85b800 JavaThread "jar transforms Thread 415" [_thread_blocked, id=15912, stack(0x00000000292f0000,0x00000000293f0000)]
  0x000000001b862800 JavaThread "jar transforms Thread 414" [_thread_blocked, id=15036, stack(0x00000000291f0000,0x00000000292f0000)]
  0x000000001b85c800 JavaThread "jar transforms Thread 413" [_thread_blocked, id=32892, stack(0x00000000290f0000,0x00000000291f0000)]
  0x000000001b85d000 JavaThread "jar transforms Thread 412" [_thread_blocked, id=23732, stack(0x0000000028ff0000,0x00000000290f0000)]
  0x000000001b860000 JavaThread "jar transforms Thread 411" [_thread_blocked, id=21800, stack(0x0000000028ef0000,0x0000000028ff0000)]
  0x000000001b861800 JavaThread "jar transforms Thread 410" [_thread_blocked, id=36200, stack(0x0000000028df0000,0x0000000028ef0000)]
  0x000000001b85b000 JavaThread "jar transforms Thread 409" [_thread_blocked, id=33292, stack(0x0000000028cf0000,0x0000000028df0000)]
  0x000000001ff00000 JavaThread "jar transforms Thread 408" [_thread_blocked, id=10276, stack(0x0000000028bf0000,0x0000000028cf0000)]
  0x000000001fef8800 JavaThread "jar transforms Thread 407" [_thread_blocked, id=29772, stack(0x0000000028af0000,0x0000000028bf0000)]
  0x000000001feff800 JavaThread "jar transforms Thread 406" [_thread_blocked, id=23696, stack(0x00000000289f0000,0x0000000028af0000)]
  0x000000001fef8000 JavaThread "jar transforms Thread 405" [_thread_blocked, id=12156, stack(0x00000000288f0000,0x00000000289f0000)]
  0x000000001fefc800 JavaThread "jar transforms Thread 404" [_thread_blocked, id=33580, stack(0x00000000287f0000,0x00000000288f0000)]
  0x000000001fefe800 JavaThread "jar transforms Thread 403" [_thread_blocked, id=35048, stack(0x00000000286f0000,0x00000000287f0000)]
  0x000000001fefe000 JavaThread "jar transforms Thread 402" [_thread_blocked, id=28080, stack(0x00000000285f0000,0x00000000286f0000)]
  0x000000001fefd000 JavaThread "jar transforms Thread 401" [_thread_blocked, id=31376, stack(0x00000000284f0000,0x00000000285f0000)]
  0x000000001fefb000 JavaThread "jar transforms Thread 400" [_thread_blocked, id=31548, stack(0x00000000283f0000,0x00000000284f0000)]
  0x000000001fefa000 JavaThread "jar transforms Thread 399" [_thread_blocked, id=29080, stack(0x00000000282f0000,0x00000000283f0000)]
  0x000000001fef9800 JavaThread "jar transforms Thread 398" [_thread_blocked, id=24012, stack(0x00000000281f0000,0x00000000282f0000)]
  0x000000001fef5800 JavaThread "jar transforms Thread 397" [_thread_blocked, id=26880, stack(0x00000000280f0000,0x00000000281f0000)]
  0x000000001fef5000 JavaThread "jar transforms Thread 396" [_thread_blocked, id=12848, stack(0x0000000027ff0000,0x00000000280f0000)]
  0x000000001fef2000 JavaThread "jar transforms Thread 395" [_thread_blocked, id=34956, stack(0x0000000027ef0000,0x0000000027ff0000)]
  0x000000001fef4000 JavaThread "jar transforms Thread 394" [_thread_blocked, id=7460, stack(0x0000000027df0000,0x0000000027ef0000)]
  0x000000001fef2800 JavaThread "jar transforms Thread 393" [_thread_blocked, id=11576, stack(0x0000000027cf0000,0x0000000027df0000)]
  0x000000001fef7000 JavaThread "jar transforms Thread 392" [_thread_blocked, id=33452, stack(0x0000000027bf0000,0x0000000027cf0000)]
  0x000000001fef1000 JavaThread "jar transforms Thread 391" [_thread_blocked, id=16524, stack(0x0000000027af0000,0x0000000027bf0000)]
  0x000000001fef3800 JavaThread "jar transforms Thread 390" [_thread_blocked, id=16616, stack(0x00000000279f0000,0x0000000027af0000)]
  0x000000001fef6800 JavaThread "jar transforms Thread 389" [_thread_blocked, id=35684, stack(0x00000000278f0000,0x00000000279f0000)]
  0x000000001eaf0800 JavaThread "jar transforms Thread 388" [_thread_blocked, id=31612, stack(0x00000000277f0000,0x00000000278f0000)]
  0x000000001eaf1000 JavaThread "jar transforms Thread 387" [_thread_blocked, id=23572, stack(0x00000000276f0000,0x00000000277f0000)]
  0x000000001eaf2000 JavaThread "jar transforms Thread 386" [_thread_blocked, id=14512, stack(0x00000000275f0000,0x00000000276f0000)]
  0x000000001eaef800 JavaThread "jar transforms Thread 385" [_thread_blocked, id=34140, stack(0x00000000274f0000,0x00000000275f0000)]
  0x000000001eaea800 JavaThread "jar transforms Thread 384" [_thread_blocked, id=3892, stack(0x00000000273f0000,0x00000000274f0000)]
  0x000000001eaec000 JavaThread "jar transforms Thread 383" [_thread_blocked, id=32580, stack(0x00000000272f0000,0x00000000273f0000)]
  0x000000001eae9000 JavaThread "jar transforms Thread 382" [_thread_blocked, id=12036, stack(0x00000000271f0000,0x00000000272f0000)]
  0x000000001eaec800 JavaThread "jar transforms Thread 381" [_thread_blocked, id=26336, stack(0x00000000270f0000,0x00000000271f0000)]
  0x000000001eaef000 JavaThread "jar transforms Thread 380" [_thread_blocked, id=23888, stack(0x0000000026ff0000,0x00000000270f0000)]
  0x000000001eaee000 JavaThread "jar transforms Thread 379" [_thread_blocked, id=33372, stack(0x0000000026ef0000,0x0000000026ff0000)]
  0x000000001eae9800 JavaThread "jar transforms Thread 378" [_thread_blocked, id=7488, stack(0x0000000026df0000,0x0000000026ef0000)]
  0x000000001eaeb000 JavaThread "jar transforms Thread 377" [_thread_blocked, id=17532, stack(0x0000000026cf0000,0x0000000026df0000)]
  0x000000001eaed800 JavaThread "jar transforms Thread 376" [_thread_blocked, id=18816, stack(0x0000000026bf0000,0x0000000026cf0000)]
  0x000000001eae8000 JavaThread "jar transforms Thread 375" [_thread_blocked, id=21852, stack(0x0000000026af0000,0x0000000026bf0000)]
  0x000000001eae4000 JavaThread "jar transforms Thread 374" [_thread_blocked, id=8660, stack(0x00000000269f0000,0x0000000026af0000)]
  0x000000001eae0800 JavaThread "jar transforms Thread 373" [_thread_blocked, id=2376, stack(0x00000000268f0000,0x00000000269f0000)]
  0x000000001eae3800 JavaThread "jar transforms Thread 372" [_thread_blocked, id=19100, stack(0x00000000267f0000,0x00000000268f0000)]
  0x000000001eae2800 JavaThread "jar transforms Thread 371" [_thread_blocked, id=18588, stack(0x00000000266f0000,0x00000000267f0000)]
  0x000000001eae5800 JavaThread "jar transforms Thread 370" [_thread_blocked, id=30700, stack(0x00000000265f0000,0x00000000266f0000)]
  0x000000001eae5000 JavaThread "jar transforms Thread 369" [_thread_blocked, id=9404, stack(0x00000000264f0000,0x00000000265f0000)]
  0x000000001eae1000 JavaThread "jar transforms Thread 368" [_thread_blocked, id=18444, stack(0x00000000263f0000,0x00000000264f0000)]
  0x000000001eae7000 JavaThread "jar transforms Thread 367" [_thread_blocked, id=32572, stack(0x00000000262f0000,0x00000000263f0000)]
  0x000000001eae2000 JavaThread "jar transforms Thread 366" [_thread_blocked, id=9456, stack(0x00000000261f0000,0x00000000262f0000)]
  0x000000001ead9000 JavaThread "jar transforms Thread 365" [_thread_blocked, id=26856, stack(0x00000000260f0000,0x00000000261f0000)]
  0x000000001ead9800 JavaThread "jar transforms Thread 364" [_thread_blocked, id=29348, stack(0x0000000025ff0000,0x00000000260f0000)]
  0x000000001eadf800 JavaThread "jar transforms Thread 363" [_thread_blocked, id=8824, stack(0x0000000025ef0000,0x0000000025ff0000)]
  0x000000001eadc000 JavaThread "jar transforms Thread 362" [_thread_blocked, id=28592, stack(0x0000000025df0000,0x0000000025ef0000)]
  0x000000001eadf000 JavaThread "jar transforms Thread 361" [_thread_blocked, id=19476, stack(0x0000000025cf0000,0x0000000025df0000)]
  0x000000001ead7800 JavaThread "jar transforms Thread 360" [_thread_blocked, id=6256, stack(0x0000000025bf0000,0x0000000025cf0000)]
  0x000000001ff67800 JavaThread "jar transforms Thread 359" [_thread_blocked, id=32384, stack(0x0000000025af0000,0x0000000025bf0000)]
  0x000000001ff66800 JavaThread "jar transforms Thread 358" [_thread_blocked, id=30560, stack(0x00000000259f0000,0x0000000025af0000)]
  0x000000001ff65000 JavaThread "jar transforms Thread 357" [_thread_blocked, id=33952, stack(0x00000000258f0000,0x00000000259f0000)]
  0x000000001ff64000 JavaThread "jar transforms Thread 356" [_thread_blocked, id=35120, stack(0x00000000257f0000,0x00000000258f0000)]
  0x000000001ff63800 JavaThread "jar transforms Thread 355" [_thread_blocked, id=32128, stack(0x00000000256f0000,0x00000000257f0000)]
  0x000000001ff66000 JavaThread "jar transforms Thread 354" [_thread_blocked, id=17696, stack(0x00000000255f0000,0x00000000256f0000)]
  0x000000001ff62800 JavaThread "jar transforms Thread 353" [_thread_blocked, id=11280, stack(0x00000000254f0000,0x00000000255f0000)]
  0x000000001ff5b000 JavaThread "jar transforms Thread 352" [_thread_blocked, id=4832, stack(0x00000000253f0000,0x00000000254f0000)]
  0x000000001ff62000 JavaThread "jar transforms Thread 351" [_thread_blocked, id=20376, stack(0x00000000252f0000,0x00000000253f0000)]
  0x000000001ff5d800 JavaThread "jar transforms Thread 350" [_thread_blocked, id=16932, stack(0x00000000251f0000,0x00000000252f0000)]
  0x000000001ff5c000 JavaThread "jar transforms Thread 349" [_thread_blocked, id=18280, stack(0x00000000250f0000,0x00000000251f0000)]
  0x000000001ff5c800 JavaThread "jar transforms Thread 348" [_thread_blocked, id=14284, stack(0x0000000024ff0000,0x00000000250f0000)]
  0x000000001ff61000 JavaThread "jar transforms Thread 347" [_thread_blocked, id=7776, stack(0x0000000024ef0000,0x0000000024ff0000)]
  0x000000001ff5e000 JavaThread "jar transforms Thread 346" [_thread_blocked, id=2916, stack(0x0000000024df0000,0x0000000024ef0000)]
  0x000000001ff60800 JavaThread "jar transforms Thread 345" [_thread_blocked, id=34760, stack(0x0000000024cf0000,0x0000000024df0000)]
  0x000000001ff5f000 JavaThread "jar transforms Thread 344" [_thread_blocked, id=7920, stack(0x0000000024bf0000,0x0000000024cf0000)]
  0x000000001ff5f800 JavaThread "jar transforms Thread 343" [_thread_blocked, id=29496, stack(0x0000000024af0000,0x0000000024bf0000)]
  0x000000001ff58000 JavaThread "jar transforms Thread 342" [_thread_blocked, id=29424, stack(0x00000000248f0000,0x00000000249f0000)]
  0x000000001ff59800 JavaThread "jar transforms Thread 341" [_thread_blocked, id=35928, stack(0x00000000247f0000,0x00000000248f0000)]
  0x000000001ff59000 JavaThread "jar transforms Thread 340" [_thread_blocked, id=18888, stack(0x00000000246f0000,0x00000000247f0000)]
  0x000000001ff57800 JavaThread "Build operations Thread 8" [_thread_blocked, id=19184, stack(0x00000000245f0000,0x00000000246f0000)]
  0x000000001ff5a800 JavaThread "Build operations Thread 7" [_thread_blocked, id=24620, stack(0x00000000244f0000,0x00000000245f0000)]
  0x000000001ff50000 JavaThread "Build operations Thread 6" [_thread_blocked, id=8396, stack(0x00000000243f0000,0x00000000244f0000)]
  0x000000001ff52000 JavaThread "Build operations Thread 5" [_thread_blocked, id=36208, stack(0x00000000242f0000,0x00000000243f0000)]
  0x000000001ff56800 JavaThread "Build operations Thread 4" [_thread_blocked, id=34552, stack(0x00000000241f0000,0x00000000242f0000)]
  0x000000001ff53800 JavaThread "Build operations Thread 3" [_thread_blocked, id=33872, stack(0x0000000022a20000,0x0000000022b20000)]
  0x000000001ff55000 JavaThread "Build operations Thread 2" [_thread_blocked, id=13320, stack(0x0000000020f70000,0x0000000021070000)]
  0x000000001ff56000 JavaThread "Build operations" [_thread_blocked, id=15336, stack(0x0000000020bb0000,0x0000000020cb0000)]
  0x000000001ff54800 JavaThread "Cache worker for cache directory md-rule (C:\Users\mahed\.gradle\caches\6.5\md-rule)" [_thread_blocked, id=19540, stack(0x0000000020ab0000,0x0000000020bb0000)]
  0x000000001ff53000 JavaThread "Cache worker for cache directory md-supplier (C:\Users\mahed\.gradle\caches\6.5\md-supplier)" [_thread_blocked, id=8808, stack(0x00000000209b0000,0x0000000020ab0000)]
  0x000000001ff48800 JavaThread "Cache worker for checksums cache (C:\Users\mahed\OneDrive\Desktop\BetWorks\.gradle\checksums)" [_thread_blocked, id=25908, stack(0x000000001e210000,0x000000001e310000)]
  0x000000001ff4e800 JavaThread "Cache worker for file hash cache (C:\Users\mahed\OneDrive\Desktop\BetWorks\.gradle\6.5\fileHashes)" [_thread_blocked, id=25592, stack(0x000000001df10000,0x000000001e010000)]
  0x000000001ff4d800 JavaThread "Thread-460" [_thread_blocked, id=21468, stack(0x000000001de10000,0x000000001df10000)]
  0x000000001ff4d000 JavaThread "Stdin handler" [_thread_blocked, id=35276, stack(0x000000001db10000,0x000000001dc10000)]
  0x000000001ff4f000 JavaThread "Asynchronous log dispatcher for DefaultDaemonConnection: socket connection from /127.0.0.1:57235 to /127.0.0.1:57476" [_thread_blocked, id=1708, stack(0x000000001da10000,0x000000001db10000)]
  0x000000001ff4c000 JavaThread "Daemon worker Thread 4" [_thread_blocked, id=26312, stack(0x000000001d5d0000,0x000000001d6d0000)]
  0x000000001ff4b800 JavaThread "Cancel handler" [_thread_blocked, id=36388, stack(0x000000001d4d0000,0x000000001d5d0000)]
  0x000000001ff4a000 JavaThread "Handler for socket connection from /127.0.0.1:57235 to /127.0.0.1:57476" [_thread_in_native, id=18440, stack(0x0000000000d20000,0x0000000000e20000)]
  0x000000001ff4a800 JavaThread "Daemon Thread 4" [_thread_blocked, id=31228, stack(0x0000000000c20000,0x0000000000d20000)]
  0x000000001ff49000 JavaThread "RMI TCP Connection(8)-127.0.0.1" daemon [_thread_in_native, id=16780, stack(0x0000000000b20000,0x0000000000c20000)]
  0x000000001ead6800 JavaThread "Cache worker for Java compile cache (C:\Users\mahed\.gradle\caches\6.5\javaCompile)" [_thread_blocked, id=21036, stack(0x000000002ec60000,0x000000002ed60000)]
  0x000000001ead3800 JavaThread "RMI Reaper" [_thread_blocked, id=5816, stack(0x0000000034100000,0x0000000034200000)]
  0x000000001eada800 JavaThread "RMI TCP Accept-0" daemon [_thread_in_native, id=9432, stack(0x0000000034000000,0x0000000034100000)]
  0x000000001ead8000 JavaThread "GC Daemon" daemon [_thread_blocked, id=19976, stack(0x0000000032a70000,0x0000000032b70000)]
  0x000000001ead6000 JavaThread "RMI Scheduler(0)" daemon [_thread_blocked, id=7672, stack(0x0000000032870000,0x0000000032970000)]
  0x000000001b866000 JavaThread "MarlinRenderer Disposer" daemon [_thread_blocked, id=31864, stack(0x000000002f060000,0x000000002f160000)]
  0x000000001b863000 JavaThread "Java2D Disposer" daemon [_thread_blocked, id=11172, stack(0x000000002ed60000,0x000000002ee60000)]
  0x000000001fefb800 JavaThread "Memory manager" [_thread_blocked, id=28456, stack(0x000000002cf30000,0x000000002d030000)]
  0x000000001c2f3800 JavaThread "Cache worker for file content cache (C:\Users\mahed\.gradle\caches\6.5\fileContent)" [_thread_blocked, id=15924, stack(0x0000000022b20000,0x0000000022c20000)]
  0x000000001c2f5000 JavaThread "Cache worker for execution history cache (C:\Users\mahed\.gradle\caches\6.5\executionHistory)" [_thread_blocked, id=35588, stack(0x0000000022320000,0x0000000022420000)]
  0x000000001c2f1800 JavaThread "Cache worker for file hash cache (C:\Users\mahed\.gradle\caches\6.5\fileHashes)" [_thread_blocked, id=32512, stack(0x000000001e710000,0x000000001e810000)]
  0x000000001c2f6000 JavaThread "File lock request listener" [_thread_in_native, id=2096, stack(0x000000001e610000,0x000000001e710000)]
  0x000000001c341800 JavaThread "Cache worker for journal cache (C:\Users\mahed\.gradle\caches\journal-1)" [_thread_blocked, id=15648, stack(0x000000001e510000,0x000000001e610000)]
  0x000000001c26a800 JavaThread "Daemon periodic checks" [_thread_blocked, id=14496, stack(0x000000001d910000,0x000000001da10000)]
  0x000000001c218800 JavaThread "Incoming local TCP Connector on port 57235" [_thread_in_native, id=14988, stack(0x000000001d6d0000,0x000000001d7d0000)]
  0x000000001c15a000 JavaThread "Daemon health stats" [_thread_blocked, id=33932, stack(0x000000001d090000,0x000000001d190000)]
  0x00000000198bb000 JavaThread "Service Thread" daemon [_thread_blocked, id=32208, stack(0x000000001a4f0000,0x000000001a5f0000)]
  0x0000000019832000 JavaThread "C1 CompilerThread3" daemon [_thread_in_vm, id=2948, stack(0x000000001a3f0000,0x000000001a4f0000)]
  0x0000000019827800 JavaThread "C2 CompilerThread2" daemon [_thread_in_native, id=1768, stack(0x000000001a2f0000,0x000000001a3f0000)]
  0x0000000017a2e000 JavaThread "C2 CompilerThread1" daemon [_thread_in_native, id=26988, stack(0x000000001a1f0000,0x000000001a2f0000)]
=>0x0000000019821800 JavaThread "C2 CompilerThread0" daemon [_thread_in_native, id=6516, stack(0x000000001a0f0000,0x000000001a1f0000)]
  0x000000001981f800 JavaThread "Attach Listener" daemon [_thread_blocked, id=34528, stack(0x0000000019ff0000,0x000000001a0f0000)]
  0x0000000019826800 JavaThread "Signal Dispatcher" daemon [_thread_blocked, id=1488, stack(0x0000000019ef0000,0x0000000019ff0000)]
  0x00000000029ae000 JavaThread "Finalizer" daemon [_thread_blocked, id=30788, stack(0x0000000019cf0000,0x0000000019df0000)]
  0x00000000029a7000 JavaThread "Reference Handler" daemon [_thread_blocked, id=33496, stack(0x0000000019bf0000,0x0000000019cf0000)]
  0x00000000028ae000 JavaThread "main" [_thread_blocked, id=13192, stack(0x00000000026f0000,0x00000000027f0000)]

Other Threads:
  0x0000000017a16000 VMThread [stack: 0x00000000196f0000,0x00000000197f0000] [id=17788]
  0x00000000198bb800 WatcherThread [stack: 0x000000001a5f0000,0x000000001a6f0000] [id=33832]

VM state:not at safepoint (normal execution)

VM Mutex/Monitor currently owned by a thread: None

heap address: 0x0000000080000000, size: 2048 MB, Compressed Oops mode: 32-bit
Narrow klass base: 0x0000000000000000, Narrow klass shift: 3
Compressed class space size: 1073741824 Address: 0x0000000100000000

Heap:
 PSYoungGen      total 592896K, used 75612K [0x00000000d5580000, 0x0000000100000000, 0x0000000100000000)
  eden space 520704K, 0% used [0x00000000d5580000,0x00000000d58dd8b8,0x00000000f5200000)
  from space 72192K, 99% used [0x00000000f5200000,0x00000000f98798f8,0x00000000f9880000)
  to   space 96768K, 0% used [0x00000000fa180000,0x00000000fa180000,0x0000000100000000)
 ParOldGen       total 345600K, used 99015K [0x0000000080000000, 0x0000000095180000, 0x00000000d5580000)
  object space 345600K, 28% used [0x0000000080000000,0x00000000860b1d48,0x0000000095180000)
 Metaspace       used 113944K, capacity 120130K, committed 120344K, reserved 1153024K
  class space    used 14754K, capacity 15919K, committed 15920K, reserved 1048576K

Card table byte_map: [0x0000000011d70000,0x0000000012180000] byte_map_base: 0x0000000011970000

Marking Bits: (ParMarkBitMap*) 0x0000000071c4f030
 Begin Bits: [0x0000000012c30000, 0x0000000014c30000)
 End Bits:   [0x0000000014c30000, 0x0000000016c30000)

Polling page: 0x00000000005f0000

CodeCache: size=245760Kb used=55520Kb max_used=55524Kb free=190239Kb
 bounds [0x00000000029b0000, 0x0000000006040000, 0x00000000119b0000]
 total_blobs=18400 nmethods=17349 adapters=963
 compilation: enabled

Compilation events (10 events):
Event: 1339.318 Thread 0x0000000019832000 21973       3       java.util.concurrent.ConcurrentLinkedQueue$Itr::advance (123 bytes)
Event: 1339.318 Thread 0x0000000017a2e000 nmethod 21970 0x000000000601b590 code [0x000000000601b700, 0x000000000601baa8]
Event: 1339.318 Thread 0x0000000017a2e000 21971       4       com.android.tools.r8.graph.m::a (93 bytes)
Event: 1339.318 Thread 0x0000000019832000 nmethod 21973 0x000000000601ca10 code [0x000000000601cbc0, 0x000000000601d2e8]
Event: 1339.318 Thread 0x0000000019832000 21975       3       java.util.concurrent.ConcurrentLinkedQueue$Itr::next (20 bytes)
Event: 1339.318 Thread 0x0000000019832000 nmethod 21975 0x000000000601c510 code [0x000000000601c680, 0x000000000601c8f8]
Event: 1339.318 Thread 0x0000000019832000 21974  s    3       com.android.tools.r8.graph.y$a::a (16 bytes)
Event: 1339.319 Thread 0x0000000019832000 nmethod 21974 0x000000000602d750 code [0x000000000602d8c0, 0x000000000602dcf8]
Event: 1339.319 Thread 0x0000000017a2e000 nmethod 21971 0x000000000601c0d0 code [0x000000000601c220, 0x000000000601c378]
Event: 1339.319 Thread 0x0000000019832000 21976   !   3       java.util.concurrent.ConcurrentHashMap::merge (526 bytes)

GC Heap History (10 events):
Event: 24.049 GC heap before
{Heap before GC invocations=17 (full 4):
 PSYoungGen      total 512000K, used 449536K [0x00000000d5580000, 0x00000000f9d80000, 0x0000000100000000)
  eden space 449536K, 100% used [0x00000000d5580000,0x00000000f0c80000,0x00000000f0c80000)
  from space 62464K, 0% used [0x00000000f6080000,0x00000000f6080000,0x00000000f9d80000)
  to   space 74240K, 0% used [0x00000000f0c80000,0x00000000f0c80000,0x00000000f5500000)
 ParOldGen       total 345600K, used 63567K [0x0000000080000000, 0x0000000095180000, 0x00000000d5580000)
  object space 345600K, 18% used [0x0000000080000000,0x0000000083e13c48,0x0000000095180000)
 Metaspace       used 103886K, capacity 109176K, committed 109464K, reserved 1144832K
  class space    used 13971K, capacity 14988K, committed 15024K, reserved 1048576K
Event: 24.080 GC heap after
Heap after GC invocations=17 (full 4):
 PSYoungGen      total 523776K, used 48642K [0x00000000d5580000, 0x0000000100000000, 0x0000000100000000)
  eden space 449536K, 0% used [0x00000000d5580000,0x00000000d5580000,0x00000000f0c80000)
  from space 74240K, 65% used [0x00000000f0c80000,0x00000000f3c008b8,0x00000000f5500000)
  to   space 77824K, 0% used [0x00000000fb400000,0x00000000fb400000,0x0000000100000000)
 ParOldGen       total 345600K, used 63575K [0x0000000080000000, 0x0000000095180000, 0x00000000d5580000)
  object space 345600K, 18% used [0x0000000080000000,0x0000000083e15c48,0x0000000095180000)
 Metaspace       used 103886K, capacity 109176K, committed 109464K, reserved 1144832K
  class space    used 13971K, capacity 14988K, committed 15024K, reserved 1048576K
}
Event: 26.222 GC heap before
{Heap before GC invocations=18 (full 4):
 PSYoungGen      total 523776K, used 497989K [0x00000000d5580000, 0x0000000100000000, 0x0000000100000000)
  eden space 449536K, 99% used [0x00000000d5580000,0x00000000f0c50d88,0x00000000f0c80000)
  from space 74240K, 65% used [0x00000000f0c80000,0x00000000f3c008b8,0x00000000f5500000)
  to   space 77824K, 0% used [0x00000000fb400000,0x00000000fb400000,0x0000000100000000)
 ParOldGen       total 345600K, used 63575K [0x0000000080000000, 0x0000000095180000, 0x00000000d5580000)
  object space 345600K, 18% used [0x0000000080000000,0x0000000083e15c48,0x0000000095180000)
 Metaspace       used 106258K, capacity 111760K, committed 112024K, reserved 1146880K
  class space    used 14207K, capacity 15250K, committed 15280K, reserved 1048576K
Event: 26.237 GC heap after
Heap after GC invocations=18 (full 4):
 PSYoungGen      total 594432K, used 25241K [0x00000000d5580000, 0x00000000fee80000, 0x0000000100000000)
  eden space 534528K, 0% used [0x00000000d5580000,0x00000000d5580000,0x00000000f5f80000)
  from space 59904K, 42% used [0x00000000fb400000,0x00000000fcca6548,0x00000000fee80000)
  to   space 73216K, 0% used [0x00000000f5f80000,0x00000000f5f80000,0x00000000fa700000)
 ParOldGen       total 345600K, used 63583K [0x0000000080000000, 0x0000000095180000, 0x00000000d5580000)
  object space 345600K, 18% used [0x0000000080000000,0x0000000083e17c48,0x0000000095180000)
 Metaspace       used 106258K, capacity 111760K, committed 112024K, reserved 1146880K
  class space    used 14207K, capacity 15250K, committed 15280K, reserved 1048576K
}
Event: 1012.429 GC heap before
{Heap before GC invocations=19 (full 4):
 PSYoungGen      total 594432K, used 559769K [0x00000000d5580000, 0x00000000fee80000, 0x0000000100000000)
  eden space 534528K, 100% used [0x00000000d5580000,0x00000000f5f80000,0x00000000f5f80000)
  from space 59904K, 42% used [0x00000000fb400000,0x00000000fcca6548,0x00000000fee80000)
  to   space 73216K, 0% used [0x00000000f5f80000,0x00000000f5f80000,0x00000000fa700000)
 ParOldGen       total 345600K, used 63839K [0x0000000080000000, 0x0000000095180000, 0x00000000d5580000)
  object space 345600K, 18% used [0x0000000080000000,0x0000000083e57c58,0x0000000095180000)
 Metaspace       used 110159K, capacity 115908K, committed 116120K, reserved 1150976K
  class space    used 14417K, capacity 15512K, committed 15536K, reserved 1048576K
Event: 1012.458 GC heap after
Heap after GC invocations=19 (full 4):
 PSYoungGen      total 607744K, used 38562K [0x00000000d5580000, 0x0000000100000000, 0x0000000100000000)
  eden space 534528K, 0% used [0x00000000d5580000,0x00000000d5580000,0x00000000f5f80000)
  from space 73216K, 52% used [0x00000000f5f80000,0x00000000f8528b68,0x00000000fa700000)
  to   space 72704K, 0% used [0x00000000fb900000,0x00000000fb900000,0x0000000100000000)
 ParOldGen       total 345600K, used 63847K [0x0000000080000000, 0x0000000095180000, 0x00000000d5580000)
  object space 345600K, 18% used [0x0000000080000000,0x0000000083e59c58,0x0000000095180000)
 Metaspace       used 110159K, capacity 115908K, committed 116120K, reserved 1150976K
  class space    used 14417K, capacity 15512K, committed 15536K, reserved 1048576K
}
Event: 1336.424 GC heap before
{Heap before GC invocations=20 (full 4):
 PSYoungGen      total 607744K, used 573090K [0x00000000d5580000, 0x0000000100000000, 0x0000000100000000)
  eden space 534528K, 100% used [0x00000000d5580000,0x00000000f5f80000,0x00000000f5f80000)
  from space 73216K, 52% used [0x00000000f5f80000,0x00000000f8528b68,0x00000000fa700000)
  to   space 72704K, 0% used [0x00000000fb900000,0x00000000fb900000,0x0000000100000000)
 ParOldGen       total 345600K, used 63946K [0x0000000080000000, 0x0000000095180000, 0x00000000d5580000)
  object space 345600K, 18% used [0x0000000080000000,0x0000000083e72ad8,0x0000000095180000)
 Metaspace       used 110536K, capacity 116426K, committed 116760K, reserved 1150976K
  class space    used 14439K, capacity 15541K, committed 15664K, reserved 1048576K
Event: 1336.449 GC heap after
Heap after GC invocations=20 (full 4):
 PSYoungGen      total 555008K, used 38750K [0x00000000d5580000, 0x00000000fdf00000, 0x0000000100000000)
  eden space 516096K, 0% used [0x00000000d5580000,0x00000000d5580000,0x00000000f4d80000)
  from space 38912K, 99% used [0x00000000fb900000,0x00000000fded7bc8,0x00000000fdf00000)
  to   space 72192K, 0% used [0x00000000f5200000,0x00000000f5200000,0x00000000f9880000)
 ParOldGen       total 345600K, used 63954K [0x0000000080000000, 0x0000000095180000, 0x00000000d5580000)
  object space 345600K, 18% used [0x0000000080000000,0x0000000083e74ad8,0x0000000095180000)
 Metaspace       used 110536K, capacity 116426K, committed 116760K, reserved 1150976K
  class space    used 14439K, capacity 15541K, committed 15664K, reserved 1048576K
}
Event: 1339.319 GC heap before
{Heap before GC invocations=21 (full 4):
 PSYoungGen      total 555008K, used 554846K [0x00000000d5580000, 0x00000000fdf00000, 0x0000000100000000)
  eden space 516096K, 100% used [0x00000000d5580000,0x00000000f4d80000,0x00000000f4d80000)
  from space 38912K, 99% used [0x00000000fb900000,0x00000000fded7bc8,0x00000000fdf00000)
  to   space 72192K, 0% used [0x00000000f5200000,0x00000000f5200000,0x00000000f9880000)
 ParOldGen       total 345600K, used 63954K [0x0000000080000000, 0x0000000095180000, 0x00000000d5580000)
  object space 345600K, 18% used [0x0000000080000000,0x0000000083e74ad8,0x0000000095180000)
 Metaspace       used 113944K, capacity 120130K, committed 120344K, reserved 1153024K
  class space    used 14754K, capacity 15919K, committed 15920K, reserved 1048576K
Event: 1339.372 GC heap after
Heap after GC invocations=21 (full 4):
 PSYoungGen      total 592896K, used 72166K [0x00000000d5580000, 0x0000000100000000, 0x0000000100000000)
  eden space 520704K, 0% used [0x00000000d5580000,0x00000000d5580000,0x00000000f5200000)
  from space 72192K, 99% used [0x00000000f5200000,0x00000000f98798f8,0x00000000f9880000)
  to   space 96768K, 0% used [0x00000000fa180000,0x00000000fa180000,0x0000000100000000)
 ParOldGen       total 345600K, used 99015K [0x0000000080000000, 0x0000000095180000, 0x00000000d5580000)
  object space 345600K, 28% used [0x0000000080000000,0x00000000860b1d48,0x0000000095180000)
 Metaspace       used 113944K, capacity 120130K, committed 120344K, reserved 1153024K
  class space    used 14754K, capacity 15919K, committed 15920K, reserved 1048576K
}

Deoptimization events (10 events):
Event: 1338.530 Thread 0x0000000021956800 Uncommon trap: reason=unstable_if action=reinterpret pc=0x0000000005d56fe8 method=android.databinding.tool.reflection.SdkUtil$ApiChecker.buildFullLookup()V @ 49
Event: 1338.700 Thread 0x0000000021956800 Uncommon trap: reason=unstable_if action=reinterpret pc=0x000000000502b7bc method=com.sun.tools.javac.code.Scope.lookup(Lcom/sun/tools/javac/util/Name;Lcom/sun/tools/javac/util/Filter;)Lcom/sun/tools/javac/code/Scope$Entry; @ 19
Event: 1338.706 Thread 0x0000000021956800 Uncommon trap: reason=unstable_if action=reinterpret pc=0x0000000004647f28 method=com.google.common.collect.CompactHashMap.entrySet()Ljava/util/Set; @ 4
Event: 1338.753 Thread 0x000000001ff53800 Uncommon trap: reason=unstable_if action=reinterpret pc=0x000000000470eda8 method=java.util.concurrent.locks.LockSupport.unpark(Ljava/lang/Thread;)V @ 1
Event: 1338.808 Thread 0x000000002038a800 Uncommon trap: reason=null_check action=make_not_entrant pc=0x0000000005a1a244 method=com.android.builder.desugaring.DesugaringClassAnalyzer$Visitor.visitInnerClass(Ljava/lang/String;Ljava/lang/String;Ljava/lang/String;I)V @ 5
Event: 1338.808 Thread 0x0000000021956800 Uncommon trap: reason=class_check action=maybe_recompile pc=0x0000000003d8f7c0 method=java.util.Collections$SetFromMap.size()I @ 4
Event: 1338.808 Thread 0x0000000020389000 Uncommon trap: reason=null_check action=make_not_entrant pc=0x0000000005a1a244 method=com.android.builder.desugaring.DesugaringClassAnalyzer$Visitor.visitInnerClass(Ljava/lang/String;Ljava/lang/String;Ljava/lang/String;I)V @ 5
Event: 1338.900 Thread 0x000000002038f800 Uncommon trap: reason=unstable_if action=reinterpret pc=0x00000000050dff90 method=com.android.tools.r8.ir.conversion.o.b(Lcom/android/tools/r8/p/n/A;)Z @ 18
Event: 1338.933 Thread 0x000000002038f800 Uncommon trap: reason=unstable_if action=reinterpret pc=0x0000000003e68f10 method=com.android.tools.r8.z.a.a.f.a(II[C)Ljava/lang/String; @ 59
Event: 1339.018 Thread 0x000000001c341800 Uncommon trap: reason=unstable_if action=reinterpret pc=0x00000000053efa54 method=java.util.concurrent.locks.AbstractQueuedSynchronizer.findNodeFromTail(Ljava/util/concurrent/locks/AbstractQueuedSynchronizer$Node;)Z @ 7

Classes redefined (0 events):
No events

Internal exceptions (10 events):
Event: 1338.962 Thread 0x000000002038f800 Exception <a 'sun/nio/fs/WindowsException'> (0x00000000eb67f3b0) thrown at [C:\src\AOSP-openjdk-git\hotspot\src\share\vm\prims\jni.cpp, line 710]
Event: 1338.963 Thread 0x000000002038f800 Exception <a 'sun/nio/fs/WindowsException'> (0x00000000eb688a10) thrown at [C:\src\AOSP-openjdk-git\hotspot\src\share\vm\prims\jni.cpp, line 710]
Event: 1338.965 Thread 0x000000002038f800 Exception <a 'sun/nio/fs/WindowsException'> (0x00000000eb752118) thrown at [C:\src\AOSP-openjdk-git\hotspot\src\share\vm\prims\jni.cpp, line 710]
Event: 1338.966 Thread 0x000000002038f800 Exception <a 'sun/nio/fs/WindowsException'> (0x00000000eb75b868) thrown at [C:\src\AOSP-openjdk-git\hotspot\src\share\vm\prims\jni.cpp, line 710]
Event: 1338.967 Thread 0x000000002038f800 Exception <a 'sun/nio/fs/WindowsException'> (0x00000000eb764588) thrown at [C:\src\AOSP-openjdk-git\hotspot\src\share\vm\prims\jni.cpp, line 710]
Event: 1338.968 Thread 0x000000002038f800 Exception <a 'sun/nio/fs/WindowsException'> (0x00000000eb82d938) thrown at [C:\src\AOSP-openjdk-git\hotspot\src\share\vm\prims\jni.cpp, line 710]
Event: 1338.969 Thread 0x000000002038f800 Exception <a 'sun/nio/fs/WindowsException'> (0x00000000eb837370) thrown at [C:\src\AOSP-openjdk-git\hotspot\src\share\vm\prims\jni.cpp, line 710]
Event: 1338.970 Thread 0x000000002038f800 Exception <a 'sun/nio/fs/WindowsException'> (0x00000000eb83def0) thrown at [C:\src\AOSP-openjdk-git\hotspot\src\share\vm\prims\jni.cpp, line 710]
Event: 1338.972 Thread 0x000000002038f800 Exception <a 'sun/nio/fs/WindowsException'> (0x00000000eb909640) thrown at [C:\src\AOSP-openjdk-git\hotspot\src\share\vm\prims\jni.cpp, line 710]
Event: 1339.084 Thread 0x000000001c2f0800 Exception <a 'sun/nio/fs/WindowsException'> (0x00000000ed7751e8) thrown at [C:\src\AOSP-openjdk-git\hotspot\src\share\vm\prims\jni.cpp, line 710]

Events (10 events):
Event: 1339.205 Thread 0x0000000021878000 DEOPT PACKING pc=0x000000000491de10 sp=0x000000003045eaf0
Event: 1339.205 Thread 0x0000000021878000 DEOPT UNPACKING pc=0x00000000029f75d0 sp=0x000000003045e7f0 mode 0
Event: 1339.249 loading class com/android/tools/r8/q/a/a/a/r
Event: 1339.249 loading class com/android/tools/r8/q/a/a/a/r done
Event: 1339.319 Executing VM operation: ParallelGCFailedAllocation
Event: 1339.372 Executing VM operation: ParallelGCFailedAllocation done
Event: 1339.372 Executing VM operation: RevokeBias
Event: 1339.372 Executing VM operation: RevokeBias done
Event: 1339.372 Executing VM operation: RevokeBias
Event: 1339.372 Executing VM operation: RevokeBias done


Dynamic libraries:
0x00007ff7c8170000 - 0x00007ff7c81a1000 	C:\Program Files\Android\Android Studio\jre\bin\java.exe
0x00007ffc2dc20000 - 0x00007ffc2de10000 	C:\Windows\SYSTEM32\ntdll.dll
0x00007ffc2bfb0000 - 0x00007ffc2c062000 	C:\Windows\System32\KERNEL32.DLL
0x00007ffc2abc0000 - 0x00007ffc2ae65000 	C:\Windows\System32\KERNELBASE.dll
0x00007ffc2cc30000 - 0x00007ffc2ccd3000 	C:\Windows\System32\ADVAPI32.dll
0x00007ffc2da10000 - 0x00007ffc2daae000 	C:\Windows\System32\msvcrt.dll
0x00007ffc2cb90000 - 0x00007ffc2cc27000 	C:\Windows\System32\sechost.dll
0x00007ffc2d580000 - 0x00007ffc2d6a0000 	C:\Windows\System32\RPCRT4.dll
0x00007ffc2d870000 - 0x00007ffc2da04000 	C:\Windows\System32\USER32.dll
0x00007ffc2bbd0000 - 0x00007ffc2bbf1000 	C:\Windows\System32\win32u.dll
0x00007ffc2bcf0000 - 0x00007ffc2bd16000 	C:\Windows\System32\GDI32.dll
0x00007ffc2b9e0000 - 0x00007ffc2bb76000 	C:\Windows\System32\gdi32full.dll
0x00007ffc2b120000 - 0x00007ffc2b1be000 	C:\Windows\System32\msvcp_win.dll
0x00007ffc2b020000 - 0x00007ffc2b11a000 	C:\Windows\System32\ucrtbase.dll
0x00007ffc10f30000 - 0x00007ffc111b4000 	C:\Windows\WinSxS\amd64_microsoft.windows.common-controls_6595b64144ccf1df_6.0.18362.1256_none_9e7e379be45e40e2\COMCTL32.dll
0x00007ffc2c850000 - 0x00007ffc2cb86000 	C:\Windows\System32\combase.dll
0x00007ffc2b950000 - 0x00007ffc2b9d1000 	C:\Windows\System32\bcryptPrimitives.dll
0x00007ffc2c820000 - 0x00007ffc2c84e000 	C:\Windows\System32\IMM32.DLL
0x0000000070790000 - 0x0000000070862000 	C:\Program Files\Android\Android Studio\jre\jre\bin\msvcr100.dll
0x0000000071480000 - 0x0000000071ccb000 	C:\Program Files\Android\Android Studio\jre\jre\bin\server\jvm.dll
0x00007ffc2ce20000 - 0x00007ffc2ce28000 	C:\Windows\System32\PSAPI.DLL
0x00007ffc25c70000 - 0x00007ffc25c7a000 	C:\Windows\SYSTEM32\VERSION.dll
0x00007ffc28aa0000 - 0x00007ffc28ac4000 	C:\Windows\SYSTEM32\WINMM.dll
0x00007ffc17ca0000 - 0x00007ffc17ca9000 	C:\Windows\SYSTEM32\WSOCK32.dll
0x00007ffc2cee0000 - 0x00007ffc2cf4f000 	C:\Windows\System32\WS2_32.dll
0x00007ffc28a70000 - 0x00007ffc28a9d000 	C:\Windows\SYSTEM32\WINMMBASE.dll
0x00007ffc2bb80000 - 0x00007ffc2bbca000 	C:\Windows\System32\cfgmgr32.dll
0x00007ffc24b60000 - 0x00007ffc24b6f000 	C:\Program Files\Android\Android Studio\jre\jre\bin\verify.dll
0x00007ffc20ae0000 - 0x00007ffc20b09000 	C:\Program Files\Android\Android Studio\jre\jre\bin\java.dll
0x00007ffc203f0000 - 0x00007ffc20406000 	C:\Program Files\Android\Android Studio\jre\jre\bin\zip.dll
0x00007ffc2c070000 - 0x00007ffc2c757000 	C:\Windows\System32\SHELL32.dll
0x00007ffc2ce30000 - 0x00007ffc2ced9000 	C:\Windows\System32\shcore.dll
0x00007ffc2b1c0000 - 0x00007ffc2b941000 	C:\Windows\System32\windows.storage.dll
0x00007ffc2ab60000 - 0x00007ffc2ab83000 	C:\Windows\System32\profapi.dll
0x00007ffc2ab10000 - 0x00007ffc2ab5a000 	C:\Windows\System32\powrprof.dll
0x00007ffc2aac0000 - 0x00007ffc2aad0000 	C:\Windows\System32\UMPDC.dll
0x00007ffc2c7c0000 - 0x00007ffc2c812000 	C:\Windows\System32\shlwapi.dll
0x00007ffc2aaf0000 - 0x00007ffc2ab01000 	C:\Windows\System32\kernel.appcore.dll
0x00007ffc2bc00000 - 0x00007ffc2bc17000 	C:\Windows\System32\cryptsp.dll
0x00007ffc16410000 - 0x00007ffc1642a000 	C:\Program Files\Android\Android Studio\jre\jre\bin\net.dll
0x00007ffc2a2b0000 - 0x00007ffc2a317000 	C:\Windows\system32\mswsock.dll
0x00007ffc163f0000 - 0x00007ffc16403000 	C:\Program Files\Android\Android Studio\jre\jre\bin\nio.dll
0x00007ffc04a20000 - 0x00007ffc04a47000 	C:\Users\mahed\.gradle\native\f6784746aeab05261644944871eae4fe03e0ef1612fff0a4a95f87b438bc6780\windows-amd64\native-platform.dll
0x00007ffc24b50000 - 0x00007ffc24b5d000 	C:\Program Files\Android\Android Studio\jre\jre\bin\management.dll
0x00007ffc29e20000 - 0x00007ffc29e53000 	C:\Windows\system32\rsaenh.dll
0x00007ffc2ab90000 - 0x00007ffc2abb6000 	C:\Windows\System32\bcrypt.dll
0x00007ffc2a9e0000 - 0x00007ffc2aa05000 	C:\Windows\SYSTEM32\USERENV.dll
0x00007ffc2a480000 - 0x00007ffc2a48c000 	C:\Windows\SYSTEM32\CRYPTBASE.dll
0x00007ffc29fc0000 - 0x00007ffc29ffa000 	C:\Windows\SYSTEM32\IPHLPAPI.DLL
0x00007ffc2bf20000 - 0x00007ffc2bf28000 	C:\Windows\System32\NSI.dll
0x00007ffc22860000 - 0x00007ffc22876000 	C:\Windows\SYSTEM32\dhcpcsvc6.DLL
0x00007ffc23220000 - 0x00007ffc2323c000 	C:\Windows\SYSTEM32\dhcpcsvc.DLL
0x00007ffc2a000000 - 0x00007ffc2a0cb000 	C:\Windows\SYSTEM32\DNSAPI.dll
0x00007ffc23240000 - 0x00007ffc2324b000 	C:\Windows\SYSTEM32\WINNSI.DLL
0x00007ffc29bb0000 - 0x00007ffc29be1000 	C:\Windows\SYSTEM32\ntmarta.dll
0x00007ffc15f20000 - 0x00007ffc160bc000 	C:\Program Files\Android\Android Studio\jre\jre\bin\awt.dll
0x00007ffc2bdd0000 - 0x00007ffc2be95000 	C:\Windows\System32\OLEAUT32.dll
0x00007ffc29150000 - 0x00007ffc2917d000 	C:\Windows\SYSTEM32\dwmapi.dll
0x00007ffc273c0000 - 0x00007ffc27980000 	C:\Windows\SYSTEM32\d2d1.dll
0x00007ffc28990000 - 0x00007ffc28a1f000 	C:\Windows\SYSTEM32\apphelp.dll
0x00007ffc28c10000 - 0x00007ffc28ca9000 	C:\Windows\system32\uxtheme.dll
0x00007ffc14280000 - 0x00007ffc1429e000 	C:\Users\mahed\AppData\Local\Temp\native-platform759888819963005336dir\native-platform.dll

VM Arguments:
jvm_args: -Xmx2048m -Dfile.encoding=UTF-8 -Duser.country=CA -Duser.language=en -Duser.variant 
java_command: org.gradle.launcher.daemon.bootstrap.GradleDaemon 6.5
java_class_path (initial): C:\Users\mahed\.gradle\wrapper\dists\gradle-6.5-bin\6nifqtx7604sqp1q6g8wikw7p\gradle-6.5\lib\gradle-launcher-6.5.jar
Launcher Type: SUN_STANDARD

Environment Variables:
JAVA_HOME=C:\Program Files\Java\jdk-14.0.1
PATH=C:\Windows\system32;C:\Windows;C:\Windows\System32\Wbem;C:\Windows\System32\WindowsPowerShell\v1.0\;C:\Windows\System32\OpenSSH\;C:\Program Files\Java\jdk-14.0.1\bin;C:\Program Files\nodejs\;C:\Program Files\Intel\WiFi\bin\;C:\Program Files\Common Files\Intel\WirelessCommon\;C:\Program Files\Git\cmd;C:\Program Files\MySQL\MySQL Shell 8.0\bin\;C:\Users\mahed\AppData\Local\Microsoft\WindowsApps;C:\Users\mahed\AppData\Roaming\npm;C:\Users\mahed\AppData\Local\Programs\Microsoft VS Code\bin
USERNAME=mahed
OS=Windows_NT
PROCESSOR_IDENTIFIER=Intel64 Family 6 Model 142 Stepping 10, GenuineIntel



---------------  S Y S T E M  ---------------

OS: Windows 10.0 , 64 bit Build 18362 (10.0.18362.1110)

CPU:total 8 (initial active 8) (4 cores per cpu, 2 threads per core) family 6 model 142 stepping 10, cmov, cx8, fxsr, mmx, sse, sse2, sse3, ssse3, sse4.1, sse4.2, popcnt, avx, avx2, aes, clmul, erms, 3dnowpref, lzcnt, ht, tsc, tscinvbit, bmi1, bmi2, adx

Memory: 4k page, physical 16657464k(3270436k free), swap 45878708k(5264k free)

vm_info: OpenJDK 64-Bit Server VM (25.242-b01) for windows-amd64 JRE (1.8.0_242-release-1644-b01), built by "builder" with MS VC++ 10.0 (VS2010)

time: Wed Jan 06 18:27:11 2021
timezone: Eastern Standard Time
elapsed time: 1339 seconds (0d 0h 22m 19s)

