#
# There is insufficient memory for the Java Runtime Environment to continue.
# Native memory allocation (malloc) failed to allocate 1366080 bytes for Chunk::new
# Possible reasons:
#   The system is out of physical RAM or swap space
#   The process is running with CompressedOops enabled, and the Java Heap may be blocking the growth of the native heap
# Possible solutions:
#   Reduce memory load on the system
#   Increase physical memory or swap space
#   Check if swap backing store is full
#   Decrease Java heap size (-Xmx/-Xms)
#   Decrease number of Java threads
#   Decrease Java thread stack sizes (-Xss)
#   Set larger code cache with -XX:ReservedCodeCacheSize=
#   JVM is running with Unscaled Compressed Oops mode in which the Java heap is
#     placed in the first 4GB address space. The Java Heap base address is the
#     maximum limit for the native heap growth. Please use -XX:HeapBaseMinAddress
#     to set the Java Heap base and to place the Java Heap above 4GB virtual address.
# This output file may be truncated or incomplete.
#
#  Out of Memory Error (allocation.cpp:389), pid=9124, tid=0x0000000000000408
#
# JRE version: OpenJDK Runtime Environment (8.0_242-b01) (build 1.8.0_242-release-1644-b01)
# Java VM: OpenJDK 64-Bit Server VM (25.242-b01 mixed mode windows-amd64 compressed oops)
# Failed to write core dump. Minidumps are not enabled by default on client versions of Windows
#

---------------  T H R E A D  ---------------

Current thread (0x0000000017bee000):  JavaThread "C2 CompilerThread1" daemon [_thread_in_native, id=1032, stack(0x000000001a3b0000,0x000000001a4b0000)]

Stack: [0x000000001a3b0000,0x000000001a4b0000]
[error occurred during error reporting (printing stack bounds), id 0xc0000005]

Native frames: (J=compiled Java code, j=interpreted, Vv=VM code, C=native code)


Current CompileTask:
C2:5083823 29131       4       org.gradle.api.internal.artifacts.ivyservice.resolveengine.graph.builder.DependencyGraphBuilder::resolveEdges (43 bytes)


---------------  P R O C E S S  ---------------

Java Threads: ( => current thread )
  0x000000001ce7e000 JavaThread "ForkJoinPool-18-worker-0" daemon [_thread_blocked, id=30080, stack(0x0000000034a90000,0x0000000034b90000)]
  0x000000001b4c7000 JavaThread "ForkJoinPool-18-worker-7" daemon [_thread_blocked, id=10876, stack(0x00000000337b0000,0x00000000338b0000)]
  0x000000001b4c8800 JavaThread "ForkJoinPool-18-worker-6" daemon [_thread_blocked, id=30048, stack(0x00000000336b0000,0x00000000337b0000)]
  0x000000001b4be000 JavaThread "ForkJoinPool-18-worker-5" daemon [_thread_in_vm, id=9392, stack(0x00000000335b0000,0x00000000336b0000)]
  0x000000001b4bd000 JavaThread "ForkJoinPool-18-worker-4" daemon [_thread_blocked, id=30340, stack(0x00000000334b0000,0x00000000335b0000)]
  0x000000001b4c4000 JavaThread "ForkJoinPool-18-worker-3" daemon [_thread_blocked, id=26412, stack(0x0000000033150000,0x0000000033250000)]
  0x000000001b4bc000 JavaThread "ForkJoinPool-18-worker-2" daemon [_thread_blocked, id=6304, stack(0x0000000033050000,0x0000000033150000)]
  0x000000001b4c3000 JavaThread "ForkJoinPool-18-worker-1" daemon [_thread_blocked, id=26324, stack(0x0000000032720000,0x0000000032820000)]
  0x000000001b4c1800 JavaThread "WorkerExecutor Queue" [_thread_blocked, id=13024, stack(0x0000000031d10000,0x0000000031e10000)]
  0x000000001b4ba000 JavaThread "Cache worker for execution history cache (C:\Users\mahed\OneDrive\Desktop\BetWorks\.gradle\6.5\executionHistory)" [_thread_blocked, id=17592, stack(0x0000000030550000,0x0000000030650000)]
  0x0000000019c40000 JavaThread "Execution worker for ':' Thread 7" [_thread_blocked, id=26360, stack(0x000000002ff50000,0x0000000030050000)]
  0x0000000019c3f000 JavaThread "Execution worker for ':' Thread 6" [_thread_blocked, id=15860, stack(0x000000002fa50000,0x000000002fb50000)]
  0x0000000019c3d800 JavaThread "Execution worker for ':' Thread 5" [_thread_blocked, id=26824, stack(0x000000002f950000,0x000000002fa50000)]
  0x0000000019c39800 JavaThread "Execution worker for ':' Thread 4" [_thread_blocked, id=1180, stack(0x000000002f850000,0x000000002f950000)]
  0x0000000019c3a800 JavaThread "Execution worker for ':' Thread 3" [_thread_blocked, id=27932, stack(0x000000002f100000,0x000000002f200000)]
  0x0000000019c30800 JavaThread "Execution worker for ':' Thread 2" [_thread_blocked, id=29944, stack(0x000000002ef00000,0x000000002f000000)]
  0x0000000019c36800 JavaThread "Execution worker for ':'" [_thread_blocked, id=34180, stack(0x000000002ee00000,0x000000002ef00000)]
  0x0000000019c33000 JavaThread "Cache worker for file content cache (C:\Users\mahed\OneDrive\Desktop\BetWorks\.gradle\6.5\fileContent)" [_thread_blocked, id=17216, stack(0x000000002ed00000,0x000000002ee00000)]
  0x0000000019c30000 JavaThread "Cache worker for Build Output Cleanup Cache (C:\Users\mahed\OneDrive\Desktop\BetWorks\.gradle\buildOutputCleanup)" [_thread_blocked, id=19932, stack(0x000000002e400000,0x000000002e500000)]
  0x0000000019c36000 JavaThread "Build operations Thread 8" [_thread_blocked, id=19508, stack(0x0000000024850000,0x0000000024950000)]
  0x0000000019c34800 JavaThread "Build operations Thread 7" [_thread_blocked, id=27968, stack(0x0000000024750000,0x0000000024850000)]
  0x0000000019c35000 JavaThread "Build operations Thread 6" [_thread_blocked, id=21212, stack(0x0000000024650000,0x0000000024750000)]
  0x0000000019c33800 JavaThread "Build operations Thread 5" [_thread_blocked, id=740, stack(0x0000000024550000,0x0000000024650000)]
  0x0000000019c31800 JavaThread "Build operations Thread 4" [_thread_blocked, id=21544, stack(0x0000000024450000,0x0000000024550000)]
  0x00000000236d1000 JavaThread "Build operations Thread 3" [_thread_blocked, id=25932, stack(0x0000000024350000,0x0000000024450000)]
  0x00000000236d0800 JavaThread "Build operations Thread 2" [_thread_blocked, id=9404, stack(0x00000000225a0000,0x00000000226a0000)]
  0x00000000236d2000 JavaThread "Build operations" [_thread_blocked, id=34700, stack(0x0000000021170000,0x0000000021270000)]
  0x00000000236d6800 JavaThread "Cache worker for cache directory md-rule (C:\Users\mahed\.gradle\caches\6.5\md-rule)" [_thread_blocked, id=19808, stack(0x0000000020f70000,0x0000000021070000)]
  0x00000000236d5800 JavaThread "Cache worker for cache directory md-supplier (C:\Users\mahed\.gradle\caches\6.5\md-supplier)" [_thread_blocked, id=24204, stack(0x000000001e3d0000,0x000000001e4d0000)]
  0x00000000236d3800 JavaThread "Cache worker for checksums cache (C:\Users\mahed\OneDrive\Desktop\BetWorks\.gradle\checksums)" [_thread_blocked, id=4232, stack(0x000000001e0d0000,0x000000001e1d0000)]
  0x00000000236c8000 JavaThread "Cache worker for file hash cache (C:\Users\mahed\OneDrive\Desktop\BetWorks\.gradle\6.5\fileHashes)" [_thread_blocked, id=33264, stack(0x000000001dfd0000,0x000000001e0d0000)]
  0x00000000236cb000 JavaThread "Thread-2259" [_thread_blocked, id=34284, stack(0x000000001dcd0000,0x000000001ddd0000)]
  0x00000000236ca800 JavaThread "Stdin handler" [_thread_blocked, id=28572, stack(0x000000001dbd0000,0x000000001dcd0000)]
  0x00000000236cc000 JavaThread "Asynchronous log dispatcher for DefaultDaemonConnection: socket connection from /127.0.0.1:60437 to /127.0.0.1:61383" [_thread_blocked, id=444, stack(0x000000001d790000,0x000000001d890000)]
  0x00000000236cf000 JavaThread "Cancel handler" [_thread_blocked, id=14924, stack(0x0000000000f40000,0x0000000001040000)]
  0x00000000236c7800 JavaThread "Handler for socket connection from /127.0.0.1:60437 to /127.0.0.1:61383" [_thread_in_native, id=11188, stack(0x0000000000e40000,0x0000000000f40000)]
  0x000000001b4c5800 JavaThread "RMI TCP Connection(idle)" daemon [_thread_blocked, id=29776, stack(0x0000000032f50000,0x0000000033050000)]
  0x000000001ce7d800 JavaThread "ForkJoinPool.commonPool-worker-0" daemon [_thread_blocked, id=7444, stack(0x0000000032c50000,0x0000000032d50000)]
  0x000000001b4c2800 JavaThread "RMI TCP Connection(idle)" daemon [_thread_blocked, id=2820, stack(0x0000000031e10000,0x0000000031f10000)]
  0x000000001ff1b800 JavaThread "jar transforms Thread 1469" [_thread_blocked, id=19400, stack(0x000000002bca0000,0x000000002bda0000)]
  0x000000001ff22800 JavaThread "jar transforms Thread 1468" [_thread_blocked, id=29808, stack(0x000000002bba0000,0x000000002bca0000)]
  0x000000001ff1d000 JavaThread "jar transforms Thread 1467" [_thread_blocked, id=17080, stack(0x000000002baa0000,0x000000002bba0000)]
  0x000000001ff1e000 JavaThread "jar transforms Thread 1466" [_thread_blocked, id=15092, stack(0x000000002b9a0000,0x000000002baa0000)]
  0x000000001ff21800 JavaThread "jar transforms Thread 1465" [_thread_blocked, id=980, stack(0x000000002b8a0000,0x000000002b9a0000)]
  0x000000001ff1c800 JavaThread "jar transforms Thread 1464" [_thread_blocked, id=11276, stack(0x000000002b7a0000,0x000000002b8a0000)]
  0x000000001ff21000 JavaThread "jar transforms Thread 1463" [_thread_blocked, id=8776, stack(0x000000002b6a0000,0x000000002b7a0000)]
  0x000000001ff14000 JavaThread "jar transforms Thread 1462" [_thread_blocked, id=32224, stack(0x000000002b5a0000,0x000000002b6a0000)]
  0x000000001ff1b000 JavaThread "jar transforms Thread 1461" [_thread_blocked, id=18528, stack(0x000000002b4a0000,0x000000002b5a0000)]
  0x000000001ff13800 JavaThread "jar transforms Thread 1460" [_thread_blocked, id=35256, stack(0x000000002b3a0000,0x000000002b4a0000)]
  0x000000001ff1a000 JavaThread "jar transforms Thread 1459" [_thread_blocked, id=21740, stack(0x000000002b2a0000,0x000000002b3a0000)]
  0x000000001ff19800 JavaThread "jar transforms Thread 1458" [_thread_blocked, id=31640, stack(0x000000002b1a0000,0x000000002b2a0000)]
  0x000000001ff16800 JavaThread "jar transforms Thread 1457" [_thread_blocked, id=33068, stack(0x000000002b0a0000,0x000000002b1a0000)]
  0x000000001ff18800 JavaThread "jar transforms Thread 1456" [_thread_blocked, id=24876, stack(0x000000002afa0000,0x000000002b0a0000)]
  0x000000001bb43000 JavaThread "jar transforms Thread 1455" [_thread_blocked, id=25200, stack(0x000000002aea0000,0x000000002afa0000)]
  0x000000001bb42000 JavaThread "jar transforms Thread 1454" [_thread_blocked, id=17332, stack(0x000000002ada0000,0x000000002aea0000)]
  0x000000001bb3f000 JavaThread "jar transforms Thread 1453" [_thread_blocked, id=29372, stack(0x000000002aca0000,0x000000002ada0000)]
  0x000000001bb41800 JavaThread "jar transforms Thread 1452" [_thread_blocked, id=34428, stack(0x000000002aba0000,0x000000002aca0000)]
  0x000000001bb40000 JavaThread "jar transforms Thread 1451" [_thread_blocked, id=28036, stack(0x000000002aaa0000,0x000000002aba0000)]
  0x000000001bb43800 JavaThread "jar transforms Thread 1450" [_thread_blocked, id=24496, stack(0x000000002a9a0000,0x000000002aaa0000)]
  0x000000001bb3e800 JavaThread "jar transforms Thread 1449" [_thread_blocked, id=23436, stack(0x000000002a8a0000,0x000000002a9a0000)]
  0x000000001bb40800 JavaThread "jar transforms Thread 1448" [_thread_blocked, id=35640, stack(0x000000002a7a0000,0x000000002a8a0000)]
  0x000000001bb36800 JavaThread "jar transforms Thread 1447" [_thread_blocked, id=31244, stack(0x000000002a6a0000,0x000000002a7a0000)]
  0x000000001bb3d000 JavaThread "jar transforms Thread 1446" [_thread_blocked, id=17680, stack(0x000000002a5a0000,0x000000002a6a0000)]
  0x000000001bb3d800 JavaThread "jar transforms Thread 1445" [_thread_blocked, id=7960, stack(0x000000002a4a0000,0x000000002a5a0000)]
  0x000000001bb37800 JavaThread "jar transforms Thread 1444" [_thread_blocked, id=23208, stack(0x000000002a3a0000,0x000000002a4a0000)]
  0x000000001bb3c000 JavaThread "jar transforms Thread 1443" [_thread_blocked, id=7424, stack(0x000000002a2a0000,0x000000002a3a0000)]
  0x000000001bb3b000 JavaThread "jar transforms Thread 1442" [_thread_blocked, id=25976, stack(0x000000002a1a0000,0x000000002a2a0000)]
  0x000000001bb3a800 JavaThread "jar transforms Thread 1441" [_thread_blocked, id=22556, stack(0x000000002a0a0000,0x000000002a1a0000)]
  0x000000001bb34800 JavaThread "jar transforms Thread 1440" [_thread_blocked, id=2988, stack(0x0000000029fa0000,0x000000002a0a0000)]
  0x000000001bb36000 JavaThread "jar transforms Thread 1439" [_thread_blocked, id=6436, stack(0x0000000029ea0000,0x0000000029fa0000)]
  0x000000001bb39800 JavaThread "jar transforms Thread 1438" [_thread_blocked, id=17488, stack(0x0000000029da0000,0x0000000029ea0000)]
  0x000000001bb38000 JavaThread "jar transforms Thread 1437" [_thread_blocked, id=28216, stack(0x0000000029ca0000,0x0000000029da0000)]
  0x000000001bb35000 JavaThread "jar transforms Thread 1436" [_thread_blocked, id=9196, stack(0x0000000029ba0000,0x0000000029ca0000)]
  0x000000001fc5b800 JavaThread "jar transforms Thread 1435" [_thread_blocked, id=16524, stack(0x0000000029aa0000,0x0000000029ba0000)]
  0x000000001fc5a800 JavaThread "jar transforms Thread 1434" [_thread_blocked, id=28824, stack(0x00000000299a0000,0x0000000029aa0000)]
  0x000000001fc59000 JavaThread "jar transforms Thread 1433" [_thread_blocked, id=10256, stack(0x00000000298a0000,0x00000000299a0000)]
  0x000000001fc58800 JavaThread "jar transforms Thread 1432" [_thread_blocked, id=31788, stack(0x00000000297a0000,0x00000000298a0000)]
  0x000000001fc57800 JavaThread "jar transforms Thread 1431" [_thread_blocked, id=9016, stack(0x00000000296a0000,0x00000000297a0000)]
  0x000000001fc5a000 JavaThread "jar transforms Thread 1430" [_thread_blocked, id=14772, stack(0x00000000295a0000,0x00000000296a0000)]
  0x000000001fc56000 JavaThread "jar transforms Thread 1429" [_thread_blocked, id=14384, stack(0x00000000294a0000,0x00000000295a0000)]
  0x000000001fc5c000 JavaThread "jar transforms Thread 1428" [_thread_blocked, id=31168, stack(0x00000000293a0000,0x00000000294a0000)]
  0x000000001fc50000 JavaThread "jar transforms Thread 1427" [_thread_blocked, id=1692, stack(0x00000000292a0000,0x00000000293a0000)]
  0x000000001fc57000 JavaThread "jar transforms Thread 1426" [_thread_blocked, id=16112, stack(0x00000000291a0000,0x00000000292a0000)]
  0x000000001fc4f800 JavaThread "jar transforms Thread 1425" [_thread_blocked, id=23200, stack(0x00000000290a0000,0x00000000291a0000)]
  0x000000001fc55800 JavaThread "jar transforms Thread 1424" [_thread_blocked, id=148, stack(0x0000000028fa0000,0x00000000290a0000)]
  0x000000001fc54800 JavaThread "jar transforms Thread 1423" [_thread_blocked, id=33676, stack(0x0000000028ea0000,0x0000000028fa0000)]
  0x000000001fc4d000 JavaThread "jar transforms Thread 1422" [_thread_blocked, id=20784, stack(0x0000000028da0000,0x0000000028ea0000)]
  0x000000001fc4e000 JavaThread "jar transforms Thread 1421" [_thread_blocked, id=27168, stack(0x0000000028ca0000,0x0000000028da0000)]
  0x000000001fc54000 JavaThread "jar transforms Thread 1420" [_thread_blocked, id=14896, stack(0x0000000028ba0000,0x0000000028ca0000)]
  0x000000001fc52800 JavaThread "jar transforms Thread 1419" [_thread_blocked, id=35008, stack(0x0000000028aa0000,0x0000000028ba0000)]
  0x000000001fc4e800 JavaThread "jar transforms Thread 1418" [_thread_blocked, id=29432, stack(0x00000000289a0000,0x0000000028aa0000)]
  0x000000001fc51800 JavaThread "jar transforms Thread 1417" [_thread_blocked, id=7396, stack(0x00000000288a0000,0x00000000289a0000)]
  0x000000001fc53000 JavaThread "jar transforms Thread 1416" [_thread_blocked, id=16940, stack(0x00000000287a0000,0x00000000288a0000)]
  0x000000001b8af800 JavaThread "jar transforms Thread 1415" [_thread_blocked, id=24408, stack(0x00000000286a0000,0x00000000287a0000)]
  0x000000001b8b4000 JavaThread "jar transforms Thread 1414" [_thread_blocked, id=14112, stack(0x00000000285a0000,0x00000000286a0000)]
  0x000000001b8b5800 JavaThread "jar transforms Thread 1413" [_thread_blocked, id=1076, stack(0x00000000284a0000,0x00000000285a0000)]
  0x000000001b8b3000 JavaThread "jar transforms Thread 1412" [_thread_blocked, id=9904, stack(0x00000000283a0000,0x00000000284a0000)]
  0x000000001b8b4800 JavaThread "jar transforms Thread 1411" [_thread_blocked, id=32088, stack(0x00000000282a0000,0x00000000283a0000)]
  0x000000001b8ab800 JavaThread "jar transforms Thread 1410" [_thread_blocked, id=27160, stack(0x00000000281a0000,0x00000000282a0000)]
  0x000000001b8b2800 JavaThread "jar transforms Thread 1409" [_thread_blocked, id=9896, stack(0x00000000280a0000,0x00000000281a0000)]
  0x000000001b8b1800 JavaThread "jar transforms Thread 1408" [_thread_blocked, id=29688, stack(0x0000000027fa0000,0x00000000280a0000)]
  0x000000001b8ac800 JavaThread "jar transforms Thread 1407" [_thread_blocked, id=28280, stack(0x0000000027ea0000,0x0000000027fa0000)]
  0x000000001b8ae000 JavaThread "jar transforms Thread 1406" [_thread_blocked, id=21132, stack(0x0000000027da0000,0x0000000027ea0000)]
  0x000000001b8b1000 JavaThread "jar transforms Thread 1405" [_thread_blocked, id=11332, stack(0x0000000027ca0000,0x0000000027da0000)]
  0x000000001b8ae800 JavaThread "jar transforms Thread 1404" [_thread_blocked, id=15500, stack(0x0000000027ba0000,0x0000000027ca0000)]
  0x000000001b8ad000 JavaThread "jar transforms Thread 1403" [_thread_blocked, id=13776, stack(0x0000000027aa0000,0x0000000027ba0000)]
  0x000000001b8a4000 JavaThread "jar transforms Thread 1402" [_thread_blocked, id=20880, stack(0x00000000279a0000,0x0000000027aa0000)]
  0x000000001b8ab000 JavaThread "jar transforms Thread 1401" [_thread_blocked, id=28256, stack(0x00000000278a0000,0x00000000279a0000)]
  0x000000001b8aa000 JavaThread "jar transforms Thread 1400" [_thread_blocked, id=26556, stack(0x00000000277a0000,0x00000000278a0000)]
  0x000000001b8a9800 JavaThread "jar transforms Thread 1399" [_thread_blocked, id=21776, stack(0x00000000276a0000,0x00000000277a0000)]
  0x000000001b8a5800 JavaThread "jar transforms Thread 1398" [_thread_blocked, id=18720, stack(0x00000000275a0000,0x00000000276a0000)]
  0x000000001b8a1000 JavaThread "jar transforms Thread 1397" [_thread_blocked, id=10308, stack(0x00000000274a0000,0x00000000275a0000)]
  0x000000001b8a4800 JavaThread "jar transforms Thread 1396" [_thread_blocked, id=31336, stack(0x00000000273a0000,0x00000000274a0000)]
  0x000000001b8a2800 JavaThread "jar transforms Thread 1395" [_thread_blocked, id=19060, stack(0x00000000272a0000,0x00000000273a0000)]
  0x000000001b8a3000 JavaThread "jar transforms Thread 1394" [_thread_blocked, id=36236, stack(0x00000000271a0000,0x00000000272a0000)]
  0x000000001b8a7800 JavaThread "jar transforms Thread 1393" [_thread_blocked, id=13932, stack(0x00000000270a0000,0x00000000271a0000)]
  0x000000001b8a6000 JavaThread "jar transforms Thread 1392" [_thread_blocked, id=25196, stack(0x0000000026fa0000,0x00000000270a0000)]
  0x000000001b8a1800 JavaThread "jar transforms Thread 1391" [_thread_blocked, id=23024, stack(0x0000000026ea0000,0x0000000026fa0000)]
  0x000000001b8a7000 JavaThread "jar transforms Thread 1390" [_thread_blocked, id=26516, stack(0x0000000026da0000,0x0000000026ea0000)]
  0x000000001b899800 JavaThread "jar transforms Thread 1389" [_thread_blocked, id=8516, stack(0x0000000026ca0000,0x0000000026da0000)]
  0x000000001b89e800 JavaThread "jar transforms Thread 1388" [_thread_blocked, id=6212, stack(0x0000000026ba0000,0x0000000026ca0000)]
  0x000000001b89e000 JavaThread "jar transforms Thread 1387" [_thread_blocked, id=21640, stack(0x0000000026aa0000,0x0000000026ba0000)]
  0x000000001b89b800 JavaThread "jar transforms Thread 1386" [_thread_blocked, id=18048, stack(0x00000000269a0000,0x0000000026aa0000)]
  0x000000001b8a0000 JavaThread "jar transforms Thread 1385" [_thread_blocked, id=28536, stack(0x00000000268a0000,0x00000000269a0000)]
  0x000000001b89f800 JavaThread "jar transforms Thread 1384" [_thread_blocked, id=20240, stack(0x00000000267a0000,0x00000000268a0000)]
  0x000000001b896800 JavaThread "jar transforms Thread 1383" [_thread_blocked, id=30716, stack(0x00000000266a0000,0x00000000267a0000)]
  0x000000001b897000 JavaThread "jar transforms Thread 1382" [_thread_blocked, id=3692, stack(0x0000000026450000,0x0000000026550000)]
  0x000000001b89a000 JavaThread "jar transforms Thread 1381" [_thread_blocked, id=35136, stack(0x0000000026350000,0x0000000026450000)]
  0x0000000019c4a800 JavaThread "jar transforms Thread 1380" [_thread_blocked, id=17712, stack(0x0000000026250000,0x0000000026350000)]
  0x0000000019c49800 JavaThread "jar transforms Thread 1379" [_thread_blocked, id=1652, stack(0x0000000026150000,0x0000000026250000)]
  0x0000000019c4f000 JavaThread "jar transforms Thread 1378" [_thread_blocked, id=3416, stack(0x0000000026050000,0x0000000026150000)]
  0x0000000019c49000 JavaThread "jar transforms Thread 1377" [_thread_blocked, id=23972, stack(0x0000000025f50000,0x0000000026050000)]
  0x0000000019c47800 JavaThread "jar transforms Thread 1376" [_thread_blocked, id=9912, stack(0x0000000025e50000,0x0000000025f50000)]
  0x0000000019c48000 JavaThread "jar transforms Thread 1375" [_thread_blocked, id=31200, stack(0x0000000025d50000,0x0000000025e50000)]
  0x0000000019c4e000 JavaThread "jar transforms Thread 1374" [_thread_blocked, id=19848, stack(0x0000000025c50000,0x0000000025d50000)]
  0x0000000019c4d800 JavaThread "jar transforms Thread 1373" [_thread_blocked, id=15956, stack(0x0000000025b50000,0x0000000025c50000)]
  0x0000000019c46000 JavaThread "jar transforms Thread 1372" [_thread_blocked, id=12584, stack(0x0000000025a50000,0x0000000025b50000)]
  0x0000000019c46800 JavaThread "jar transforms Thread 1371" [_thread_blocked, id=17764, stack(0x0000000025950000,0x0000000025a50000)]
  0x0000000019c4c800 JavaThread "jar transforms Thread 1370" [_thread_blocked, id=22964, stack(0x0000000025850000,0x0000000025950000)]
  0x0000000019c4c000 JavaThread "jar transforms Thread 1369" [_thread_blocked, id=24836, stack(0x0000000025750000,0x0000000025850000)]
  0x0000000019c4b000 JavaThread "jar transforms Thread 1368" [_thread_blocked, id=17292, stack(0x0000000025650000,0x0000000025750000)]
  0x0000000019c3e000 JavaThread "jar transforms Thread 1367" [_thread_blocked, id=34316, stack(0x0000000025550000,0x0000000025650000)]
  0x0000000019c45000 JavaThread "jar transforms Thread 1366" [_thread_blocked, id=2368, stack(0x0000000025450000,0x0000000025550000)]
  0x0000000019c44800 JavaThread "jar transforms Thread 1365" [_thread_blocked, id=24312, stack(0x0000000025350000,0x0000000025450000)]
  0x0000000019c40800 JavaThread "jar transforms Thread 1364" [_thread_blocked, id=27580, stack(0x0000000025250000,0x0000000025350000)]
  0x0000000019c3c800 JavaThread "jar transforms Thread 1363" [_thread_blocked, id=30896, stack(0x0000000025150000,0x0000000025250000)]
  0x0000000019c42000 JavaThread "jar transforms Thread 1362" [_thread_blocked, id=2748, stack(0x0000000025050000,0x0000000025150000)]
  0x0000000019c43000 JavaThread "jar transforms Thread 1361" [_thread_blocked, id=23232, stack(0x0000000024f50000,0x0000000025050000)]
  0x0000000019c41800 JavaThread "jar transforms Thread 1360" [_thread_blocked, id=6484, stack(0x0000000024e50000,0x0000000024f50000)]
  0x0000000019c43800 JavaThread "jar transforms Thread 1359" [_thread_blocked, id=31408, stack(0x0000000024c50000,0x0000000024d50000)]
  0x0000000019c39000 JavaThread "jar transforms Thread 1358" [_thread_blocked, id=19440, stack(0x0000000024a50000,0x0000000024b50000)]
  0x0000000019c3b000 JavaThread "jar transforms Thread 1357" [_thread_blocked, id=7764, stack(0x0000000024950000,0x0000000024a50000)]
  0x00000000199f5000 JavaThread "Daemon worker Thread 13" [_thread_blocked, id=36264, stack(0x000000001d690000,0x000000001d790000)]
  0x00000000199f6800 JavaThread "Daemon Thread 13" [_thread_blocked, id=1320, stack(0x0000000000d40000,0x0000000000e40000)]
  0x000000001fc51000 JavaThread "Cache worker for Java compile cache (C:\Users\mahed\.gradle\caches\6.5\javaCompile)" [_thread_blocked, id=35036, stack(0x000000002f000000,0x000000002f100000)]
  0x000000001ff15800 JavaThread "RMI Reaper" [_thread_blocked, id=30920, stack(0x0000000030850000,0x0000000030950000)]
  0x000000001ff18000 JavaThread "RMI TCP Accept-0" daemon [_thread_in_native, id=28076, stack(0x0000000030750000,0x0000000030850000)]
  0x000000001ff17000 JavaThread "GC Daemon" daemon [_thread_blocked, id=14088, stack(0x0000000030650000,0x0000000030750000)]
  0x000000001ff15000 JavaThread "RMI Scheduler(0)" daemon [_thread_blocked, id=25556, stack(0x0000000030450000,0x0000000030550000)]
  0x00000000236c9800 JavaThread "Memory manager" [_thread_blocked, id=34168, stack(0x00000000265a0000,0x00000000266a0000)]
  0x00000000199f7000 JavaThread "Cache worker for file content cache (C:\Users\mahed\.gradle\caches\6.5\fileContent)" [_thread_blocked, id=21784, stack(0x00000000224a0000,0x00000000225a0000)]
  0x00000000199f5800 JavaThread "Cache worker for execution history cache (C:\Users\mahed\.gradle\caches\6.5\executionHistory)" [_thread_blocked, id=26120, stack(0x0000000021070000,0x0000000021170000)]
  0x00000000199f8800 JavaThread "Cache worker for file hash cache (C:\Users\mahed\.gradle\caches\6.5\fileHashes)" [_thread_blocked, id=15808, stack(0x000000001e8d0000,0x000000001e9d0000)]
  0x00000000199f2800 JavaThread "File lock request listener" [_thread_in_native, id=12480, stack(0x000000001e7d0000,0x000000001e8d0000)]
  0x000000001c758800 JavaThread "Cache worker for journal cache (C:\Users\mahed\.gradle\caches\journal-1)" [_thread_blocked, id=29412, stack(0x000000001e6d0000,0x000000001e7d0000)]
  0x000000001c4d4000 JavaThread "Daemon periodic checks" [_thread_blocked, id=23320, stack(0x000000001dad0000,0x000000001dbd0000)]
  0x000000001c3db800 JavaThread "Incoming local TCP Connector on port 60437" [_thread_in_native, id=27556, stack(0x000000001d890000,0x000000001d990000)]
  0x000000001c43f800 JavaThread "Daemon health stats" [_thread_blocked, id=34324, stack(0x000000001d250000,0x000000001d350000)]
  0x0000000019a15800 JavaThread "Service Thread" daemon [_thread_blocked, id=13808, stack(0x000000001a6b0000,0x000000001a7b0000)]
  0x00000000199f8000 JavaThread "C1 CompilerThread3" daemon [_thread_blocked, id=24564, stack(0x000000001a5b0000,0x000000001a6b0000)]
  0x00000000199ea000 JavaThread "C2 CompilerThread2" daemon [_thread_in_native, id=5416, stack(0x000000001a4b0000,0x000000001a5b0000)]
=>0x0000000017bee000 JavaThread "C2 CompilerThread1" daemon [_thread_in_native, id=1032, stack(0x000000001a3b0000,0x000000001a4b0000)]
  0x00000000199e1800 JavaThread "C2 CompilerThread0" daemon [_thread_in_native, id=25052, stack(0x000000001a2b0000,0x000000001a3b0000)]
  0x00000000199df800 JavaThread "Attach Listener" daemon [_thread_blocked, id=8792, stack(0x000000001a1b0000,0x000000001a2b0000)]
  0x00000000199e6800 JavaThread "Signal Dispatcher" daemon [_thread_blocked, id=18864, stack(0x000000001a0b0000,0x000000001a1b0000)]
  0x0000000002b6e000 JavaThread "Finalizer" daemon [_thread_blocked, id=35176, stack(0x0000000019eb0000,0x0000000019fb0000)]
  0x0000000002b67000 JavaThread "Reference Handler" daemon [_thread_blocked, id=30936, stack(0x0000000019db0000,0x0000000019eb0000)]
  0x0000000000c3e000 JavaThread "main" [_thread_blocked, id=544, stack(0x0000000002970000,0x0000000002a70000)]

Other Threads:
  0x0000000017bd6000 VMThread [stack: 0x00000000198b0000,0x00000000199b0000] [id=14736]
  0x0000000019a16000 WatcherThread [stack: 0x000000001a7b0000,0x000000001a8b0000] [id=928]

VM state:not at safepoint (normal execution)

VM Mutex/Monitor currently owned by a thread: None

OutOfMemory and StackOverflow Exception counts:
OutOfMemoryError java_heap_errors=4

heap address: 0x0000000080000000, size: 2048 MB, Compressed Oops mode: 32-bit
Narrow klass base: 0x0000000000000000, Narrow klass shift: 3
Compressed class space size: 1073741824 Address: 0x0000000100000000

Heap:
 PSYoungGen      total 525824K, used 229309K [0x00000000d5580000, 0x0000000100000000, 0x0000000100000000)
  eden space 351232K, 62% used [0x00000000d5580000,0x00000000e2b9f510,0x00000000eac80000)
  from space 174592K, 5% used [0x00000000f5580000,0x00000000f5f50040,0x0000000100000000)
  to   space 173056K, 0% used [0x00000000eac80000,0x00000000eac80000,0x00000000f5580000)
 ParOldGen       total 360960K, used 210292K [0x0000000080000000, 0x0000000096080000, 0x00000000d5580000)
  object space 360960K, 58% used [0x0000000080000000,0x000000008cd5d0b8,0x0000000096080000)
 Metaspace       used 129945K, capacity 139464K, committed 139800K, reserved 1171456K
  class space    used 16188K, capacity 17852K, committed 17968K, reserved 1048576K

Card table byte_map: [0x0000000011f30000,0x0000000012340000] byte_map_base: 0x0000000011b30000

Marking Bits: (ParMarkBitMap*) 0x0000000071c4f030
 Begin Bits: [0x0000000012df0000, 0x0000000014df0000)
 End Bits:   [0x0000000014df0000, 0x0000000016df0000)

Polling page: 0x00000000007f0000

CodeCache: size=245760Kb used=75598Kb max_used=77941Kb free=170161Kb
 bounds [0x0000000002b70000, 0x0000000007830000, 0x0000000011b70000]
 total_blobs=23103 nmethods=22168 adapters=846
 compilation: enabled

Compilation events (10 events):
Event: 5083.730 Thread 0x00000000199f8000 29166       3       java.util.concurrent.ForkJoinTask::get (69 bytes)
Event: 5083.731 Thread 0x00000000199f8000 nmethod 29166 0x000000000705f750 code [0x000000000705f920, 0x000000000705ff38]
Event: 5083.733 Thread 0x00000000199f8000 29169   !   2       com.android.tools.r8.graph.Z::a (34 bytes)
Event: 5083.733 Thread 0x00000000199f8000 nmethod 29169 0x00000000049f0c10 code [0x00000000049f0d80, 0x00000000049f1188]
Event: 5083.735 Thread 0x00000000199f8000 29170   !   2       com.android.tools.r8.graph.Z::e (34 bytes)
Event: 5083.736 Thread 0x00000000199f8000 nmethod 29170 0x000000000705ef50 code [0x000000000705f0c0, 0x000000000705f4c8]
Event: 5083.737 Thread 0x00000000199f8000 29171       3       com.android.tools.r8.graph.n0::<init> (10 bytes)
Event: 5083.737 Thread 0x00000000199f8000 nmethod 29171 0x000000000705eb90 code [0x000000000705ece0, 0x000000000705eeb0]
Event: 5083.738 Thread 0x00000000199f8000 29173       3       com.android.tools.r8.graph.u::b (26 bytes)
Event: 5083.739 Thread 0x00000000199f8000 nmethod 29173 0x000000000705e550 code [0x000000000705e6e0, 0x000000000705ea58]

GC Heap History (10 events):
Event: 5040.123 GC heap before
{Heap before GC invocations=43 (full 5):
 PSYoungGen      total 523776K, used 387390K [0x00000000d5580000, 0x00000000fff80000, 0x0000000100000000)
  eden space 361984K, 100% used [0x00000000d5580000,0x00000000eb700000,0x00000000eb700000)
  from space 161792K, 15% used [0x00000000eb700000,0x00000000ecfcf970,0x00000000f5500000)
  to   space 157184K, 0% used [0x00000000f6600000,0x00000000f6600000,0x00000000fff80000)
 ParOldGen       total 360960K, used 209732K [0x0000000080000000, 0x0000000096080000, 0x00000000d5580000)
  object space 360960K, 58% used [0x0000000080000000,0x000000008ccd10a8,0x0000000096080000)
 Metaspace       used 129558K, capacity 138920K, committed 139160K, reserved 1171456K
  class space    used 16158K, capacity 17778K, committed 17840K, reserved 1048576K
Event: 5040.140 GC heap after
Heap after GC invocations=43 (full 5):
 PSYoungGen      total 521728K, used 31740K [0x00000000d5580000, 0x00000000ff080000, 0x0000000100000000)
  eden space 379904K, 0% used [0x00000000d5580000,0x00000000d5580000,0x00000000ec880000)
  from space 141824K, 22% used [0x00000000f6600000,0x00000000f84ff308,0x00000000ff080000)
  to   space 151552K, 0% used [0x00000000ec880000,0x00000000ec880000,0x00000000f5c80000)
 ParOldGen       total 360960K, used 209740K [0x0000000080000000, 0x0000000096080000, 0x00000000d5580000)
  object space 360960K, 58% used [0x0000000080000000,0x000000008ccd30a8,0x0000000096080000)
 Metaspace       used 129558K, capacity 138920K, committed 139160K, reserved 1171456K
  class space    used 16158K, capacity 17778K, committed 17840K, reserved 1048576K
}
Event: 5041.267 GC heap before
{Heap before GC invocations=44 (full 5):
 PSYoungGen      total 521728K, used 411632K [0x00000000d5580000, 0x00000000ff080000, 0x0000000100000000)
  eden space 379904K, 99% used [0x00000000d5580000,0x00000000ec87cf08,0x00000000ec880000)
  from space 141824K, 22% used [0x00000000f6600000,0x00000000f84ff308,0x00000000ff080000)
  to   space 151552K, 0% used [0x00000000ec880000,0x00000000ec880000,0x00000000f5c80000)
 ParOldGen       total 360960K, used 209740K [0x0000000080000000, 0x0000000096080000, 0x00000000d5580000)
  object space 360960K, 58% used [0x0000000080000000,0x000000008ccd30a8,0x0000000096080000)
 Metaspace       used 129604K, capacity 139030K, committed 139160K, reserved 1171456K
  class space    used 16161K, capacity 17785K, committed 17840K, reserved 1048576K
Event: 5041.337 GC heap after
Heap after GC invocations=44 (full 5):
 PSYoungGen      total 531456K, used 120577K [0x00000000d5580000, 0x0000000100000000, 0x0000000100000000)
  eden space 379904K, 0% used [0x00000000d5580000,0x00000000d5580000,0x00000000ec880000)
  from space 151552K, 79% used [0x00000000ec880000,0x00000000f3e40468,0x00000000f5c80000)
  to   space 166400K, 0% used [0x00000000f5d80000,0x00000000f5d80000,0x0000000100000000)
 ParOldGen       total 360960K, used 209740K [0x0000000080000000, 0x0000000096080000, 0x00000000d5580000)
  object space 360960K, 58% used [0x0000000080000000,0x000000008ccd30a8,0x0000000096080000)
 Metaspace       used 129604K, capacity 139030K, committed 139160K, reserved 1171456K
  class space    used 16161K, capacity 17785K, committed 17840K, reserved 1048576K
}
Event: 5046.263 GC heap before
{Heap before GC invocations=45 (full 5):
 PSYoungGen      total 531456K, used 500481K [0x00000000d5580000, 0x0000000100000000, 0x0000000100000000)
  eden space 379904K, 100% used [0x00000000d5580000,0x00000000ec880000,0x00000000ec880000)
  from space 151552K, 79% used [0x00000000ec880000,0x00000000f3e40468,0x00000000f5c80000)
  to   space 166400K, 0% used [0x00000000f5d80000,0x00000000f5d80000,0x0000000100000000)
 ParOldGen       total 360960K, used 209740K [0x0000000080000000, 0x0000000096080000, 0x00000000d5580000)
  object space 360960K, 58% used [0x0000000080000000,0x000000008ccd30a8,0x0000000096080000)
 Metaspace       used 129720K, capacity 139122K, committed 139160K, reserved 1171456K
  class space    used 16173K, capacity 17827K, committed 17840K, reserved 1048576K
Event: 5046.280 GC heap after
Heap after GC invocations=45 (full 5):
 PSYoungGen      total 538624K, used 48787K [0x00000000d5580000, 0x00000000ffd80000, 0x0000000100000000)
  eden space 374784K, 0% used [0x00000000d5580000,0x00000000d5580000,0x00000000ec380000)
  from space 163840K, 29% used [0x00000000f5d80000,0x00000000f8d24cb0,0x00000000ffd80000)
  to   space 157696K, 0% used [0x00000000ec380000,0x00000000ec380000,0x00000000f5d80000)
 ParOldGen       total 360960K, used 210108K [0x0000000080000000, 0x0000000096080000, 0x00000000d5580000)
  object space 360960K, 58% used [0x0000000080000000,0x000000008cd2f0a8,0x0000000096080000)
 Metaspace       used 129720K, capacity 139122K, committed 139160K, reserved 1171456K
  class space    used 16173K, capacity 17827K, committed 17840K, reserved 1048576K
}
Event: 5047.287 GC heap before
{Heap before GC invocations=46 (full 5):
 PSYoungGen      total 538624K, used 410946K [0x00000000d5580000, 0x00000000ffd80000, 0x0000000100000000)
  eden space 374784K, 96% used [0x00000000d5580000,0x00000000eb72bb98,0x00000000ec380000)
  from space 163840K, 29% used [0x00000000f5d80000,0x00000000f8d24cb0,0x00000000ffd80000)
  to   space 157696K, 0% used [0x00000000ec380000,0x00000000ec380000,0x00000000f5d80000)
 ParOldGen       total 360960K, used 210108K [0x0000000080000000, 0x0000000096080000, 0x00000000d5580000)
  object space 360960K, 58% used [0x0000000080000000,0x000000008cd2f0a8,0x0000000096080000)
 Metaspace       used 129724K, capacity 139122K, committed 139160K, reserved 1171456K
  class space    used 16173K, capacity 17827K, committed 17840K, reserved 1048576K
Event: 5047.349 GC heap after
Heap after GC invocations=46 (full 5):
 PSYoungGen      total 505856K, used 130636K [0x00000000d5580000, 0x0000000100000000, 0x0000000100000000)
  eden space 374784K, 0% used [0x00000000d5580000,0x00000000d5580000,0x00000000ec380000)
  from space 131072K, 99% used [0x00000000ec380000,0x00000000f4313010,0x00000000f4380000)
  to   space 174592K, 0% used [0x00000000f5580000,0x00000000f5580000,0x0000000100000000)
 ParOldGen       total 360960K, used 210116K [0x0000000080000000, 0x0000000096080000, 0x00000000d5580000)
  object space 360960K, 58% used [0x0000000080000000,0x000000008cd310a8,0x0000000096080000)
 Metaspace       used 129724K, capacity 139122K, committed 139160K, reserved 1171456K
  class space    used 16173K, capacity 17827K, committed 17840K, reserved 1048576K
}
Event: 5083.249 GC heap before
{Heap before GC invocations=47 (full 5):
 PSYoungGen      total 505856K, used 505420K [0x00000000d5580000, 0x0000000100000000, 0x0000000100000000)
  eden space 374784K, 100% used [0x00000000d5580000,0x00000000ec380000,0x00000000ec380000)
  from space 131072K, 99% used [0x00000000ec380000,0x00000000f4313010,0x00000000f4380000)
  to   space 174592K, 0% used [0x00000000f5580000,0x00000000f5580000,0x0000000100000000)
 ParOldGen       total 360960K, used 210116K [0x0000000080000000, 0x0000000096080000, 0x00000000d5580000)
  object space 360960K, 58% used [0x0000000080000000,0x000000008cd310a8,0x0000000096080000)
 Metaspace       used 129930K, capacity 139458K, committed 139800K, reserved 1171456K
  class space    used 16188K, capacity 17851K, committed 17968K, reserved 1048576K
Event: 5083.265 GC heap after
Heap after GC invocations=47 (full 5):
 PSYoungGen      total 525824K, used 10048K [0x00000000d5580000, 0x0000000100000000, 0x0000000100000000)
  eden space 351232K, 0% used [0x00000000d5580000,0x00000000d5580000,0x00000000eac80000)
  from space 174592K, 5% used [0x00000000f5580000,0x00000000f5f50040,0x0000000100000000)
  to   space 173056K, 0% used [0x00000000eac80000,0x00000000eac80000,0x00000000f5580000)
 ParOldGen       total 360960K, used 210292K [0x0000000080000000, 0x0000000096080000, 0x00000000d5580000)
  object space 360960K, 58% used [0x0000000080000000,0x000000008cd5d0b8,0x0000000096080000)
 Metaspace       used 129930K, capacity 139458K, committed 139800K, reserved 1171456K
  class space    used 16188K, capacity 17851K, committed 17968K, reserved 1048576K
}

Deoptimization events (10 events):
Event: 5041.732 Thread 0x00000000199f5000 Uncommon trap: reason=bimorphic action=maybe_recompile pc=0x000000000615d468 method=org.gradle.internal.classloader.ClassLoaderVisitor.visit(Ljava/lang/ClassLoader;)V @ 28
Event: 5041.735 Thread 0x00000000199f5000 Uncommon trap: reason=unstable_if action=reinterpret pc=0x0000000004ff66f8 method=java.io.ObjectOutputStream$BlockDataOutputStream.writeInt(I)V @ 9
Event: 5045.879 Thread 0x00000000199f5000 Uncommon trap: reason=null_check action=make_not_entrant pc=0x0000000007590600 method=org.gradle.api.internal.tasks.properties.bean.AbstractNestedRuntimeBeanNode$BeanPropertyValue.isProvider()Z @ 9
Event: 5046.176 Thread 0x000000001ce84000 Uncommon trap: reason=unstable_if action=reinterpret pc=0x0000000003cd3558 method=org.gradle.internal.execution.history.changes.PreviousSuccessChanges.accept(Lorg/gradle/internal/execution/history/changes/ChangeVisitor;)Z @ 4
Event: 5046.475 Thread 0x000000001b4c8800 Uncommon trap: reason=unstable_if action=reinterpret pc=0x000000000664c690 method=java.util.concurrent.ForkJoinTask.setCompletion(I)I @ 25
Event: 5047.475 Thread 0x000000001b4bc000 Uncommon trap: reason=unloaded action=reinterpret pc=0x00000000076f9b30 method=com.android.tools.r8.D8.d(Lcom/android/tools/r8/utils/e;Lcom/android/tools/r8/utils/k0;Ljava/util/concurrent/ExecutorService;)V @ 510
Event: 5047.475 Thread 0x000000001b4bc000 Uncommon trap: reason=class_check action=maybe_recompile pc=0x000000000388ec80 method=java.lang.Throwable.<init>(Ljava/lang/String;Ljava/lang/Throwable;)V @ 24
Event: 5047.492 Thread 0x00000000199f5000 Uncommon trap: reason=unstable_if action=reinterpret pc=0x0000000006bb4ef4 method=java.io.ObjectOutputStream$BlockDataOutputStream.writeInt(I)V @ 9
Event: 5054.644 Thread 0x00000000199f5000 Uncommon trap: reason=null_check action=make_not_entrant pc=0x00000000041398fc method=java.lang.ThreadLocal$ThreadLocalMap.getEntryAfterMiss(Ljava/lang/ThreadLocal;ILjava/lang/ThreadLocal$ThreadLocalMap$Entry;)Ljava/lang/ThreadLocal$ThreadLocalMap$Entry; 
Event: 5054.704 Thread 0x00000000199f5000 Uncommon trap: reason=null_check action=make_not_entrant pc=0x0000000007363d10 method=org.gradle.api.internal.tasks.properties.bean.AbstractNestedRuntimeBeanNode$BeanPropertyValue.isBuildable()Z @ 9

Classes redefined (0 events):
No events

Internal exceptions (10 events):
Event: 5083.465 Thread 0x0000000019c39800 Exception <a 'sun/nio/fs/WindowsException'> (0x00000000d9073400) thrown at [C:\src\AOSP-openjdk-git\hotspot\src\share\vm\prims\jni.cpp, line 710]
Event: 5083.465 Thread 0x0000000019c39800 Exception <a 'sun/nio/fs/WindowsException'> (0x00000000d9075178) thrown at [C:\src\AOSP-openjdk-git\hotspot\src\share\vm\prims\jni.cpp, line 710]
Event: 5083.465 Thread 0x0000000019c39800 Exception <a 'sun/nio/fs/WindowsException'> (0x00000000d9075e60) thrown at [C:\src\AOSP-openjdk-git\hotspot\src\share\vm\prims\jni.cpp, line 710]
Event: 5083.465 Thread 0x0000000019c39800 Exception <a 'sun/nio/fs/WindowsException'> (0x00000000d9077c08) thrown at [C:\src\AOSP-openjdk-git\hotspot\src\share\vm\prims\jni.cpp, line 710]
Event: 5083.465 Thread 0x0000000019c39800 Exception <a 'sun/nio/fs/WindowsException'> (0x00000000d90788f8) thrown at [C:\src\AOSP-openjdk-git\hotspot\src\share\vm\prims\jni.cpp, line 710]
Event: 5083.465 Thread 0x0000000019c39800 Exception <a 'sun/nio/fs/WindowsException'> (0x00000000d907a6b0) thrown at [C:\src\AOSP-openjdk-git\hotspot\src\share\vm\prims\jni.cpp, line 710]
Event: 5083.465 Thread 0x0000000019c39800 Exception <a 'sun/nio/fs/WindowsException'> (0x00000000d907b3a0) thrown at [C:\src\AOSP-openjdk-git\hotspot\src\share\vm\prims\jni.cpp, line 710]
Event: 5083.517 Thread 0x0000000019c39800 Exception <a 'sun/nio/fs/WindowsException'> (0x00000000d9e71b90) thrown at [C:\src\AOSP-openjdk-git\hotspot\src\share\vm\prims\jni.cpp, line 710]
Event: 5083.517 Thread 0x0000000019c39800 Exception <a 'sun/nio/fs/WindowsException'> (0x00000000d9e728a8) thrown at [C:\src\AOSP-openjdk-git\hotspot\src\share\vm\prims\jni.cpp, line 710]
Event: 5083.627 Thread 0x000000001b4c1800 Exception <a 'sun/nio/fs/WindowsException'> (0x00000000dce853d8) thrown at [C:\src\AOSP-openjdk-git\hotspot\src\share\vm\prims\jni.cpp, line 710]

Events (10 events):
Event: 5083.726 Executing VM operation: BulkRevokeBias
Event: 5083.727 Executing VM operation: BulkRevokeBias done
Event: 5083.727 Executing VM operation: RevokeBias
Event: 5083.728 Executing VM operation: RevokeBias done
Event: 5083.728 Executing VM operation: RevokeBias
Event: 5083.728 Executing VM operation: RevokeBias done
Event: 5083.729 Executing VM operation: RevokeBias
Event: 5083.729 Executing VM operation: RevokeBias done
Event: 5083.730 Executing VM operation: BulkRevokeBias
Event: 5083.731 Executing VM operation: BulkRevokeBias done


Dynamic libraries:
0x00007ff7c8170000 - 0x00007ff7c81a1000 	C:\Program Files\Android\Android Studio\jre\bin\java.exe
0x00007ffc2dc20000 - 0x00007ffc2de10000 	C:\Windows\SYSTEM32\ntdll.dll
0x00007ffc2bfb0000 - 0x00007ffc2c062000 	C:\Windows\System32\KERNEL32.DLL
0x00007ffc2abc0000 - 0x00007ffc2ae65000 	C:\Windows\System32\KERNELBASE.dll
0x00007ffc2cc30000 - 0x00007ffc2ccd3000 	C:\Windows\System32\ADVAPI32.dll
0x00007ffc2da10000 - 0x00007ffc2daae000 	C:\Windows\System32\msvcrt.dll
0x00007ffc2cb90000 - 0x00007ffc2cc27000 	C:\Windows\System32\sechost.dll
0x00007ffc2d580000 - 0x00007ffc2d6a0000 	C:\Windows\System32\RPCRT4.dll
0x00007ffc2d870000 - 0x00007ffc2da04000 	C:\Windows\System32\USER32.dll
0x00007ffc2bbd0000 - 0x00007ffc2bbf1000 	C:\Windows\System32\win32u.dll
0x00007ffc2bcf0000 - 0x00007ffc2bd16000 	C:\Windows\System32\GDI32.dll
0x00007ffc2b9e0000 - 0x00007ffc2bb76000 	C:\Windows\System32\gdi32full.dll
0x00007ffc2b120000 - 0x00007ffc2b1be000 	C:\Windows\System32\msvcp_win.dll
0x00007ffc2b020000 - 0x00007ffc2b11a000 	C:\Windows\System32\ucrtbase.dll
0x00007ffc10f30000 - 0x00007ffc111b4000 	C:\Windows\WinSxS\amd64_microsoft.windows.common-controls_6595b64144ccf1df_6.0.18362.1256_none_9e7e379be45e40e2\COMCTL32.dll
0x00007ffc2c850000 - 0x00007ffc2cb86000 	C:\Windows\System32\combase.dll
0x00007ffc2b950000 - 0x00007ffc2b9d1000 	C:\Windows\System32\bcryptPrimitives.dll
0x00007ffc2c820000 - 0x00007ffc2c84e000 	C:\Windows\System32\IMM32.DLL
0x0000000070790000 - 0x0000000070862000 	C:\Program Files\Android\Android Studio\jre\jre\bin\msvcr100.dll
0x0000000071480000 - 0x0000000071ccb000 	C:\Program Files\Android\Android Studio\jre\jre\bin\server\jvm.dll
0x00007ffc2ce20000 - 0x00007ffc2ce28000 	C:\Windows\System32\PSAPI.DLL
0x00007ffc25c70000 - 0x00007ffc25c7a000 	C:\Windows\SYSTEM32\VERSION.dll
0x00007ffc28aa0000 - 0x00007ffc28ac4000 	C:\Windows\SYSTEM32\WINMM.dll
0x00007ffc17ca0000 - 0x00007ffc17ca9000 	C:\Windows\SYSTEM32\WSOCK32.dll
0x00007ffc2cee0000 - 0x00007ffc2cf4f000 	C:\Windows\System32\WS2_32.dll
0x00007ffc28a70000 - 0x00007ffc28a9d000 	C:\Windows\SYSTEM32\winmmbase.dll
0x00007ffc2bb80000 - 0x00007ffc2bbca000 	C:\Windows\System32\cfgmgr32.dll
0x00007ffc24b60000 - 0x00007ffc24b6f000 	C:\Program Files\Android\Android Studio\jre\jre\bin\verify.dll
0x00007ffc20ae0000 - 0x00007ffc20b09000 	C:\Program Files\Android\Android Studio\jre\jre\bin\java.dll
0x00007ffc203f0000 - 0x00007ffc20406000 	C:\Program Files\Android\Android Studio\jre\jre\bin\zip.dll
0x00007ffc2c070000 - 0x00007ffc2c757000 	C:\Windows\System32\SHELL32.dll
0x00007ffc2ce30000 - 0x00007ffc2ced9000 	C:\Windows\System32\shcore.dll
0x00007ffc2b1c0000 - 0x00007ffc2b941000 	C:\Windows\System32\windows.storage.dll
0x00007ffc2ab60000 - 0x00007ffc2ab83000 	C:\Windows\System32\profapi.dll
0x00007ffc2ab10000 - 0x00007ffc2ab5a000 	C:\Windows\System32\powrprof.dll
0x00007ffc2aac0000 - 0x00007ffc2aad0000 	C:\Windows\System32\UMPDC.dll
0x00007ffc2c7c0000 - 0x00007ffc2c812000 	C:\Windows\System32\shlwapi.dll
0x00007ffc2aaf0000 - 0x00007ffc2ab01000 	C:\Windows\System32\kernel.appcore.dll
0x00007ffc2bc00000 - 0x00007ffc2bc17000 	C:\Windows\System32\cryptsp.dll
0x00007ffc16410000 - 0x00007ffc1642a000 	C:\Program Files\Android\Android Studio\jre\jre\bin\net.dll
0x00007ffc2a2b0000 - 0x00007ffc2a317000 	C:\Windows\system32\mswsock.dll
0x00007ffc163f0000 - 0x00007ffc16403000 	C:\Program Files\Android\Android Studio\jre\jre\bin\nio.dll
0x00007ffc04a20000 - 0x00007ffc04a47000 	C:\Users\mahed\.gradle\native\f6784746aeab05261644944871eae4fe03e0ef1612fff0a4a95f87b438bc6780\windows-amd64\native-platform.dll
0x00007ffc24b50000 - 0x00007ffc24b5d000 	C:\Program Files\Android\Android Studio\jre\jre\bin\management.dll
0x00007ffc29e20000 - 0x00007ffc29e53000 	C:\Windows\system32\rsaenh.dll
0x00007ffc2ab90000 - 0x00007ffc2abb6000 	C:\Windows\System32\bcrypt.dll
0x00007ffc2a9e0000 - 0x00007ffc2aa05000 	C:\Windows\SYSTEM32\USERENV.dll
0x00007ffc2a480000 - 0x00007ffc2a48c000 	C:\Windows\SYSTEM32\CRYPTBASE.dll
0x00007ffc29fc0000 - 0x00007ffc29ffa000 	C:\Windows\SYSTEM32\IPHLPAPI.DLL
0x00007ffc2bf20000 - 0x00007ffc2bf28000 	C:\Windows\System32\NSI.dll
0x00007ffc22860000 - 0x00007ffc22876000 	C:\Windows\SYSTEM32\dhcpcsvc6.DLL
0x00007ffc23220000 - 0x00007ffc2323c000 	C:\Windows\SYSTEM32\dhcpcsvc.DLL
0x00007ffc2a000000 - 0x00007ffc2a0cb000 	C:\Windows\SYSTEM32\DNSAPI.dll
0x00007ffc23240000 - 0x00007ffc2324b000 	C:\Windows\SYSTEM32\WINNSI.DLL
0x00007ffc14280000 - 0x00007ffc1429e000 	C:\Users\mahed\AppData\Local\Temp\native-platform5766403882082683777dir\native-platform.dll

VM Arguments:
jvm_args: -Xmx2048m -Dfile.encoding=UTF-8 -Duser.country=CA -Duser.language=en -Duser.variant 
java_command: org.gradle.launcher.daemon.bootstrap.GradleDaemon 6.5
java_class_path (initial): C:\Users\mahed\.gradle\wrapper\dists\gradle-6.5-bin\6nifqtx7604sqp1q6g8wikw7p\gradle-6.5\lib\gradle-launcher-6.5.jar
Launcher Type: SUN_STANDARD

Environment Variables:
JAVA_HOME=C:\Program Files\Java\jdk-14.0.1
PATH=C:\Windows\system32;C:\Windows;C:\Windows\System32\Wbem;C:\Windows\System32\WindowsPowerShell\v1.0\;C:\Windows\System32\OpenSSH\;C:\Program Files\Java\jdk-14.0.1\bin;C:\Program Files\nodejs\;C:\Program Files\Intel\WiFi\bin\;C:\Program Files\Common Files\Intel\WirelessCommon\;C:\Program Files\Git\cmd;C:\Program Files\MySQL\MySQL Shell 8.0\bin\;C:\Users\mahed\AppData\Local\Microsoft\WindowsApps;C:\Users\mahed\AppData\Roaming\npm;C:\Users\mahed\AppData\Local\Programs\Microsoft VS Code\bin
USERNAME=mahed
OS=Windows_NT
PROCESSOR_IDENTIFIER=Intel64 Family 6 Model 142 Stepping 10, GenuineIntel



---------------  S Y S T E M  ---------------

OS: Windows 10.0 , 64 bit Build 18362 (10.0.18362.1110)

CPU:total 8 (initial active 8) (4 cores per cpu, 2 threads per core) family 6 model 142 stepping 10, cmov, cx8, fxsr, mmx, sse, sse2, sse3, ssse3, sse4.1, sse4.2, popcnt, avx, avx2, aes, clmul, erms, 3dnowpref, lzcnt, ht, tsc, tscinvbit, bmi1, bmi2, adx

Memory: 4k page, physical 16657464k(3989508k free), swap 45878708k(5536k free)

vm_info: OpenJDK 64-Bit Server VM (25.242-b01) for windows-amd64 JRE (1.8.0_242-release-1644-b01), built by "builder" with MS VC++ 10.0 (VS2010)

time: Thu Jan 07 20:11:51 2021
timezone: Eastern Standard Time
elapsed time: 5083 seconds (0d 1h 24m 43s)

